#
# A fatal error has been detected by the Java Runtime Environment:
#
#  SIGBUS (0xa) at pc=0x00007ff8126aef0e, pid=30370, tid=259
#
# JRE version: OpenJDK Runtime Environment Temurin-17.0.7+7 (17.0.7+7) (build 17.0.7+7)
# Java VM: OpenJDK 64-Bit Server VM Temurin-17.0.7+7 (17.0.7+7, mixed mode, tiered, compressed oops, compressed class ptrs, g1 gc, bsd-amd64)
# Problematic frame:
# C  [libsystem_kernel.dylib+0xf0e]  mach_msg2_trap+0xa
#
# No core dump will be written. Core dumps have been disabled. To enable core dumping, try "ulimit -c unlimited" before starting Java again
#
# If you would like to submit a bug report, please visit:
#   https://github.com/adoptium/adoptium-support/issues
#

---------------  S U M M A R Y ------------

Command Line: -Dfile.encoding=UTF-8 -Dstdout.encoding=UTF-8 -Dstderr.encoding=UTF-8 -XX:+ShowCodeDetailsInExceptionMessages menzg.MenzgBackendApplication

Host: "MacBookPro18,2" x86_64 (EMULATED) 2400 MHz, 10 cores, 64G, Darwin 24.2.0, macOS 10.16 (24C101)
Time: Fri Jan 24 22:48:41 2025 CET elapsed time: 621.844231 seconds (0d 0h 10m 21s)

---------------  T H R E A D  ---------------

Current thread is native thread

Stack: [0x000000030d5c8000,0x000000030ddc8000],  sp=0x000000030ddc2ca8,  free space=8171k
Native frames: (J=compiled Java code, j=interpreted, Vv=VM code, C=native code)
C  [libsystem_kernel.dylib+0xf0e]  mach_msg2_trap+0xa
C  [libsystem_kernel.dylib+0x8016]  mach_msg_overwrite+0x289
C  [libsystem_kernel.dylib+0x11ff]  mach_msg+0x13
C  [CoreFoundation+0x7c5dd]  __CFRunLoopServiceMachPort+0x8f
C  [CoreFoundation+0x7afed]  __CFRunLoopRun+0x571
C  [CoreFoundation+0x7a44c]  CFRunLoopRunSpecific+0x226
C  [libjli.dylib+0x6f32]  CreateExecutionEnvironment+0x192
C  [libjli.dylib+0x2955]  JLI_Launch+0x605
C  [java+0xc0e]  main+0x19e
C  0x0000000204fa52cd


siginfo: si_signo: 10 (SIGBUS), si_code: 2 (BUS_ADRERR), si_addr: 0x0000000000000000

Registers:
RAX=0x0000000010004005, RBX=0x000000030ddc2db0, RCX=0x0000160300000000, RDX=0x0000000507000806
RSP=0x000000030ddc2ca8, RBP=0x000000030ddc2d10, RSI=0x0000000507000806, RDI=0x000000030ddc2db0
R8 =0x0000000054fffd61, R9 =0x0000160300000000, R10=0x0000160300000000, R11=0x0000000000000000
R12=0x00000000ffffffff, R13=0x0000000507000806, R14=0x0000000000000002, R15=0x0000160300000000
RIP=0x00007ff8126aef0e, EFLAGS=0x0000000000000246, ERR=0x0000000000000000
  TRAPNO=0x00000000000000de

Top of Stack: (sp=0x000000030ddc2ca8)
0x000000030ddc2ca8:   00007ff8126bd5fa 0000000000000002
0x000000030ddc2cb8:   00000000ffffffff 0000000054fffd61
0x000000030ddc2cc8:   0000160300000000 0000000200000000
0x000000030ddc2cd8:   00000000049ad793 0000000507000806
0x000000030ddc2ce8:   0000160300000000 0000000107000806
0x000000030ddc2cf8:   0000000100000000 0000000107000801
0x000000030ddc2d08:   000000030ddc3000 000000030ddc2e30
0x000000030ddc2d18:   00007ff8126b6016 0000000000000002
0x000000030ddc2d28:   00000000ffffffff f828694caa09016c
0x000000030ddc2d38:   540000e0ea09017f a9437bfd52800000
0x000000030ddc2d48:   a94157f6a9424ff4 d65f03c0910103ff
0x000000030ddc2d58:   11000508b9402a68 91024261b9002a68
0x000000030ddc2d68:   aa1403e2aa1303e0 000000030ddc2da0
0x000000030ddc2d78:   00007ff8126b078e 0000000000000000
0x000000030ddc2d88:   00007fcee3904100 000000030ddc2df0
0x000000030ddc2d98:   000000030ddc2df0 000000030ddc2de0
0x000000030ddc2da8:   00007ff8125989a3 000000030ddc3000
0x000000030ddc2db8:   0000000000000000 00000c0000000000
0x000000030ddc2dc8:   0000600001124180 0000000000000000
0x000000030ddc2dd8:   0000008000000000 000000030ddc2ea0
0x000000030ddc2de8:   00007ff8125a0b31 0000000000000000
0x000000030ddc2df8:   00000c00000618ef 00000000ffffffff
0x000000030ddc2e08:   00000000ffffffff 000000030ddc3000
0x000000030ddc2e18:   0000000000000c00 00000000ffffffff
0x000000030ddc2e28:   000000030ddc2f80 000000030ddc2e60
0x000000030ddc2e38:   00007ff8126af1ff 0000000000000000
0x000000030ddc2e48:   0000000000000000 00007fcee3904100
0x000000030ddc2e58:   000060000042c000 000000030ddc2ed0
0x000000030ddc2e68:   00007ff8127d75dd 00000e0300000000
0x000000030ddc2e78:   00007ff855444990 000000030ddc2f88
0x000000030ddc2e88:   000000030ddc2f74 000016030ddc2ed0
0x000000030ddc2e98:   0000000000000000 000000030ddc2f78 

Instructions: (pc=0x00007ff8126aef0e)
0x00007ff8126aee0e:   00 01 0f 05 c3 90 49 89 ca b8 1a 00 00 01 0f 05
0x00007ff8126aee1e:   c3 90 49 89 ca b8 1b 00 00 01 0f 05 c3 90 49 89
0x00007ff8126aee2e:   ca b8 1c 00 00 01 0f 05 c3 90 49 89 ca b8 1d 00
0x00007ff8126aee3e:   00 01 0f 05 c3 90 49 89 ca b8 1f 00 00 01 0f 05
0x00007ff8126aee4e:   c3 90 49 89 ca b8 20 00 00 01 0f 05 c3 90 49 89
0x00007ff8126aee5e:   ca b8 21 00 00 01 0f 05 c3 90 49 89 ca b8 22 00
0x00007ff8126aee6e:   00 01 0f 05 c3 90 49 89 ca b8 23 00 00 01 0f 05
0x00007ff8126aee7e:   c3 90 49 89 ca b8 24 00 00 01 0f 05 c3 90 49 89
0x00007ff8126aee8e:   ca b8 25 00 00 01 0f 05 c3 90 49 89 ca b8 26 00
0x00007ff8126aee9e:   00 01 0f 05 c3 90 49 89 ca b8 27 00 00 01 0f 05
0x00007ff8126aeeae:   c3 90 49 89 ca b8 28 00 00 01 0f 05 c3 90 49 89
0x00007ff8126aeebe:   ca b8 29 00 00 01 0f 05 c3 90 49 89 ca b8 2a 00
0x00007ff8126aeece:   00 01 0f 05 c3 90 49 89 ca b8 2b 00 00 01 0f 05
0x00007ff8126aeede:   c3 90 49 89 ca b8 2c 00 00 01 0f 05 c3 90 49 89
0x00007ff8126aeeee:   ca b8 2d 00 00 01 0f 05 c3 90 49 89 ca b8 2e 00
0x00007ff8126aeefe:   00 01 0f 05 c3 90 49 89 ca b8 2f 00 00 01 0f 05
0x00007ff8126aef0e:   c3 90 49 89 ca b8 30 00 00 01 0f 05 c3 90 49 89
0x00007ff8126aef1e:   ca b8 31 00 00 01 0f 05 c3 90 49 89 ca b8 32 00
0x00007ff8126aef2e:   00 01 0f 05 c3 90 49 89 ca b8 33 00 00 01 0f 05
0x00007ff8126aef3e:   c3 90 49 89 ca b8 34 00 00 01 0f 05 c3 90 49 89
0x00007ff8126aef4e:   ca b8 35 00 00 01 0f 05 c3 90 49 89 ca b8 3b 00
0x00007ff8126aef5e:   00 01 0f 05 c3 90 49 89 ca b8 3c 00 00 01 0f 05
0x00007ff8126aef6e:   c3 90 49 89 ca b8 3d 00 00 01 0f 05 c3 90 49 89
0x00007ff8126aef7e:   ca b8 3e 00 00 01 0f 05 c3 90 49 89 ca b8 46 00
0x00007ff8126aef8e:   00 01 0f 05 c3 90 49 89 ca b8 48 00 00 01 0f 05
0x00007ff8126aef9e:   c3 90 49 89 ca b8 4c 00 00 01 0f 05 c3 90 49 89
0x00007ff8126aefae:   ca b8 4d 00 00 01 0f 05 c3 90 49 89 ca b8 58 00
0x00007ff8126aefbe:   00 01 0f 05 c3 90 49 89 ca b8 59 00 00 01 0f 05
0x00007ff8126aefce:   c3 90 49 89 ca b8 5a 00 00 01 0f 05 c3 90 49 89
0x00007ff8126aefde:   ca b8 5b 00 00 01 0f 05 c3 90 49 89 ca b8 5c 00
0x00007ff8126aefee:   00 01 0f 05 c3 90 49 89 ca b8 5d 00 00 01 0f 05
0x00007ff8126aeffe:   c3 90 49 89 ca b8 5e 00 00 01 0f 05 c3 90 49 89 



---------------  P R O C E S S  ---------------

VM state: not at safepoint (normal execution)

VM Mutex/Monitor currently owned by a thread: None

Heap address: 0x0000000400000000, size: 16384 MB, Compressed Oops mode: Zero based, Oop shift amount: 3

CDS archive(s) not mapped
Compressed class space mapped at: 0x0000000800000000-0x0000000840000000, reserved size: 1073741824
Narrow klass base: 0x0000000800000000, Narrow klass shift: 0, Narrow klass range: 0x40000000

GC Precious Log:
<Skipped>

Heap:
 garbage-first heap   total 196608K, used 129766K [0x0000000400000000, 0x0000000800000000)
  region size 8192K, 10 young (81920K), 2 survivors (16384K)
 Metaspace       used 92051K, committed 92864K, reserved 1179648K
  class space    used 11666K, committed 12096K, reserved 1048576K

Heap Regions: E=young(eden), S=young(survivor), O=old, HS=humongous(starts), HC=humongous(continues), CS=collection set, F=free, OA=open archive, CA=closed archive, TAMS=top-at-mark-start (previous, next)
|   0|0x0000000400000000, 0x0000000400800000, 0x0000000400800000|100%| O|  |TAMS 0x0000000400800000, 0x0000000400000000| Untracked 
|   1|0x0000000400800000, 0x0000000400ffffe0, 0x0000000401000000| 99%| O|  |TAMS 0x0000000400ffffe0, 0x0000000400800000| Untracked 
|   2|0x0000000401000000, 0x00000004017fffe0, 0x0000000401800000| 99%| O|  |TAMS 0x00000004017fffe0, 0x0000000401000000| Untracked 
|   3|0x0000000401800000, 0x0000000401ffffe8, 0x0000000402000000| 99%| O|  |TAMS 0x0000000401ffffe8, 0x0000000401800000| Untracked 
|   4|0x0000000402000000, 0x00000004027ffff8, 0x0000000402800000| 99%| O|  |TAMS 0x00000004027ffff8, 0x0000000402000000| Untracked 
|   5|0x0000000402800000, 0x0000000402ff43c0, 0x0000000403000000| 99%| O|  |TAMS 0x0000000402ff43c0, 0x0000000402800000| Untracked 
|   6|0x0000000403000000, 0x0000000403710c90, 0x0000000403800000| 88%| O|  |TAMS 0x0000000403710c90, 0x0000000403000000| Untracked 
|   7|0x0000000403800000, 0x0000000403800000, 0x0000000404000000|  0%| F|  |TAMS 0x0000000403800000, 0x0000000403800000| Untracked 
|   8|0x0000000404000000, 0x0000000404000000, 0x0000000404800000|  0%| F|  |TAMS 0x0000000404000000, 0x0000000404000000| Untracked 
|   9|0x0000000404800000, 0x0000000404800000, 0x0000000405000000|  0%| F|  |TAMS 0x0000000404800000, 0x0000000404800000| Untracked 
|  10|0x0000000405000000, 0x0000000405000000, 0x0000000405800000|  0%| F|  |TAMS 0x0000000405000000, 0x0000000405000000| Untracked 
|  11|0x0000000405800000, 0x0000000405964d00, 0x0000000406000000| 17%| S|CS|TAMS 0x0000000405800000, 0x0000000405800000| Complete 
|  12|0x0000000406000000, 0x0000000406000000, 0x0000000406800000|  0%| F|  |TAMS 0x0000000406000000, 0x0000000406000000| Untracked 
|  13|0x0000000406800000, 0x0000000407000000, 0x0000000407000000|100%| S|CS|TAMS 0x0000000406800000, 0x0000000406800000| Complete 
|  14|0x0000000407000000, 0x0000000407000000, 0x0000000407800000|  0%| F|  |TAMS 0x0000000407000000, 0x0000000407000000| Untracked 
|  15|0x0000000407800000, 0x0000000407800000, 0x0000000408000000|  0%| F|  |TAMS 0x0000000407800000, 0x0000000407800000| Untracked 
|  16|0x0000000408000000, 0x000000040864fc10, 0x0000000408800000| 78%| E|  |TAMS 0x0000000408000000, 0x0000000408000000| Complete 
|  17|0x0000000408800000, 0x0000000409000000, 0x0000000409000000|100%| E|CS|TAMS 0x0000000408800000, 0x0000000408800000| Complete 
|  18|0x0000000409000000, 0x0000000409800000, 0x0000000409800000|100%| E|CS|TAMS 0x0000000409000000, 0x0000000409000000| Complete 
|  19|0x0000000409800000, 0x000000040a000000, 0x000000040a000000|100%| E|CS|TAMS 0x0000000409800000, 0x0000000409800000| Complete 
|  20|0x000000040a000000, 0x000000040a800000, 0x000000040a800000|100%| E|CS|TAMS 0x000000040a000000, 0x000000040a000000| Complete 
|  21|0x000000040a800000, 0x000000040b000000, 0x000000040b000000|100%| E|CS|TAMS 0x000000040a800000, 0x000000040a800000| Complete 
|  22|0x000000040b000000, 0x000000040b800000, 0x000000040b800000|100%| E|CS|TAMS 0x000000040b000000, 0x000000040b000000| Complete 
|  23|0x000000040b800000, 0x000000040c000000, 0x000000040c000000|100%| E|CS|TAMS 0x000000040b800000, 0x000000040b800000| Complete 

Card table byte_map: [0x0000000125584000,0x0000000127584000] _byte_map_base: 0x0000000123584000

Marking Bits (Prev, Next): (CMBitMap*) 0x00007fcee300c850, (CMBitMap*) 0x00007fcee300c810
 Prev Bits: [0x0000000139584000, 0x0000000149584000)
 Next Bits: [0x0000000129584000, 0x0000000139584000)

Polling page: 0x000000010d30a000

Metaspace:

Usage:
  Non-class:     78.50 MB used.
      Class:     11.39 MB used.
       Both:     89.89 MB used.

Virtual space:
  Non-class space:      128.00 MB reserved,      78.88 MB ( 62%) committed,  2 nodes.
      Class space:        1.00 GB reserved,      11.81 MB (  1%) committed,  1 nodes.
             Both:        1.12 GB reserved,      90.69 MB (  8%) committed. 

Chunk freelists:
   Non-Class:  784.00 KB
       Class:  4.12 MB
        Both:  4.89 MB

MaxMetaspaceSize: unlimited
CompressedClassSpaceSize: 1.00 GB
Initial GC threshold: 21.00 MB
Current GC threshold: 150.12 MB
CDS: off
MetaspaceReclaimPolicy: balanced
 - commit_granule_bytes: 65536.
 - commit_granule_words: 8192.
 - virtual_space_node_default_size: 8388608.
 - enlarge_chunks_in_place: 1.
 - new_chunks_are_fully_committed: 0.
 - uncommit_free_chunks: 1.
 - use_allocation_guard: 0.
 - handle_deallocations: 1.


Internal statistics:

num_allocs_failed_limit: 9.
num_arena_births: 1076.
num_arena_deaths: 24.
num_vsnodes_births: 3.
num_vsnodes_deaths: 0.
num_space_committed: 1451.
num_space_uncommitted: 0.
num_chunks_returned_to_freelist: 45.
num_chunks_taken_from_freelist: 4476.
num_chunk_merges: 11.
num_chunk_splits: 3031.
num_chunks_enlarged: 2194.
num_inconsistent_stats: 0.

CodeHeap 'non-profiled nmethods': size=120028Kb used=11423Kb max_used=11423Kb free=108604Kb
 bounds [0x000000011c04d000, 0x000000011cb7d000, 0x0000000123584000]
CodeHeap 'profiled nmethods': size=120028Kb used=23537Kb max_used=23537Kb free=96490Kb
 bounds [0x0000000114584000, 0x0000000115c84000, 0x000000011babb000]
CodeHeap 'non-nmethods': size=5704Kb used=1356Kb max_used=1434Kb free=4348Kb
 bounds [0x000000011babb000, 0x000000011bd2b000, 0x000000011c04d000]
 total_blobs=12479 nmethods=11784 adapters=608
 compilation: enabled
              stopped_count=0, restarted_count=0
 full_count=0

Compilation events (20 events):
Event: 506.844 Thread 0x00007fcee502aa00 14237       4       java.util.concurrent.locks.AbstractQueuedSynchronizer$Node::setStatusRelaxed (12 bytes)
Event: 506.844 Thread 0x00007fcee502aa00 nmethod 14237 0x000000011cb73d10 code [0x000000011cb73e80, 0x000000011cb73ef8]
Event: 520.760 Thread 0x00007fcee502b000 14238       3       java.util.concurrent.ScheduledThreadPoolExecutor::triggerTime (22 bytes)
Event: 520.761 Thread 0x00007fcee502b000 nmethod 14238 0x0000000115c79e10 code [0x0000000115c79fc0, 0x0000000115c7a1a0]
Event: 530.727 Thread 0x00007fcee502b000 14239       1       org.apache.catalina.loader.WebappLoader::getClassLoader (5 bytes)
Event: 530.727 Thread 0x00007fcee502b000 nmethod 14239 0x000000011cb74010 code [0x000000011cb741a0, 0x000000011cb74270]
Event: 546.845 Thread 0x00007fcee502aa00 14240       4       java.util.concurrent.locks.ReentrantLock$NonfairSync::initialTryLock (58 bytes)
Event: 546.853 Thread 0x00007fcee502aa00 nmethod 14240 0x000000011cb74310 code [0x000000011cb744a0, 0x000000011cb74658]
Event: 556.941 Thread 0x00007fcee502b000 14241       3       sun.nio.ch.KQueueSelectorImpl::processEvents (201 bytes)
Event: 556.945 Thread 0x00007fcee502b000 nmethod 14241 0x0000000115c7a290 code [0x0000000115c7a500, 0x0000000115c7b120]
Event: 560.736 Thread 0x00007fcee502b000 14243       3       java.lang.Thread::setContextClassLoader (28 bytes)
Event: 560.745 Thread 0x00007fcee502b000 nmethod 14243 0x0000000115c7b690 code [0x0000000115c7b8a0, 0x0000000115c7bef0]
Event: 580.752 Thread 0x00007fcee502b000 14244   !   3       org.apache.catalina.core.ContainerBase$ContainerBackgroundProcessor::processChildren (202 bytes)
Event: 580.756 Thread 0x00007fcee502b000 nmethod 14244 0x0000000115c7c110 code [0x0000000115c7c4e0, 0x0000000115c7eac0]
Event: 580.756 Thread 0x00007fcee502b000 14245  s!   3       org.apache.catalina.core.ContainerBase::backgroundProcess (172 bytes)
Event: 580.758 Thread 0x00007fcee502b000 nmethod 14245 0x0000000115c7f690 code [0x0000000115c7f9e0, 0x0000000115c812f0]
Event: 580.758 Thread 0x00007fcee502b000 14246       3       org.apache.catalina.core.StandardPipeline::getFirst (17 bytes)
Event: 580.758 Thread 0x00007fcee502b000 nmethod 14246 0x0000000115c81b10 code [0x0000000115c81cc0, 0x0000000115c81e30]
Event: 610.769 Thread 0x00007fcee502b000 14247       1       com.zaxxer.hikari.HikariConfig::getMaximumPoolSize (5 bytes)
Event: 610.770 Thread 0x00007fcee502b000 nmethod 14247 0x000000011cb74b10 code [0x000000011cb74ca0, 0x000000011cb74d70]

GC Heap History (20 events):
Event: 355.908 GC heap before
{Heap before GC invocations=38 (full 2):
 garbage-first heap   total 114688K, used 75186K [0x0000000400000000, 0x0000000800000000)
  region size 8192K, 4 young (32768K), 1 survivors (8192K)
 Metaspace       used 88621K, committed 89408K, reserved 1179648K
  class space    used 11454K, committed 11840K, reserved 1048576K
}
Event: 355.913 GC heap after
{Heap after GC invocations=39 (full 2):
 garbage-first heap   total 114688K, used 51091K [0x0000000400000000, 0x0000000800000000)
  region size 8192K, 1 young (8192K), 1 survivors (8192K)
 Metaspace       used 88621K, committed 89408K, reserved 1179648K
  class space    used 11454K, committed 11840K, reserved 1048576K
}
Event: 356.168 GC heap before
{Heap before GC invocations=39 (full 2):
 garbage-first heap   total 114688K, used 75667K [0x0000000400000000, 0x0000000800000000)
  region size 8192K, 4 young (32768K), 1 survivors (8192K)
 Metaspace       used 88625K, committed 89408K, reserved 1179648K
  class space    used 11455K, committed 11840K, reserved 1048576K
}
Event: 356.171 GC heap after
{Heap after GC invocations=40 (full 2):
 garbage-first heap   total 114688K, used 51861K [0x0000000400000000, 0x0000000800000000)
  region size 8192K, 1 young (8192K), 1 survivors (8192K)
 Metaspace       used 88625K, committed 89408K, reserved 1179648K
  class space    used 11455K, committed 11840K, reserved 1048576K
}
Event: 356.499 GC heap before
{Heap before GC invocations=40 (full 2):
 garbage-first heap   total 114688K, used 76437K [0x0000000400000000, 0x0000000800000000)
  region size 8192K, 4 young (32768K), 1 survivors (8192K)
 Metaspace       used 88711K, committed 89472K, reserved 1179648K
  class space    used 11457K, committed 11840K, reserved 1048576K
}
Event: 356.502 GC heap after
{Heap after GC invocations=41 (full 2):
 garbage-first heap   total 114688K, used 52395K [0x0000000400000000, 0x0000000800000000)
  region size 8192K, 1 young (8192K), 1 survivors (8192K)
 Metaspace       used 88711K, committed 89472K, reserved 1179648K
  class space    used 11457K, committed 11840K, reserved 1048576K
}
Event: 367.565 GC heap before
{Heap before GC invocations=41 (full 2):
 garbage-first heap   total 114688K, used 52395K [0x0000000400000000, 0x0000000800000000)
  region size 8192K, 2 young (16384K), 1 survivors (8192K)
 Metaspace       used 88717K, committed 89472K, reserved 1179648K
  class space    used 11458K, committed 11840K, reserved 1048576K
}
Event: 367.789 GC heap after
{Heap after GC invocations=42 (full 3):
 garbage-first heap   total 114688K, used 46271K [0x0000000400000000, 0x0000000800000000)
  region size 8192K, 0 young (0K), 0 survivors (0K)
 Metaspace       used 88711K, committed 89472K, reserved 1179648K
  class space    used 11457K, committed 11840K, reserved 1048576K
}
Event: 368.383 GC heap before
{Heap before GC invocations=42 (full 3):
 garbage-first heap   total 114688K, used 87231K [0x0000000400000000, 0x0000000800000000)
  region size 8192K, 5 young (40960K), 0 survivors (0K)
 Metaspace       used 88914K, committed 89664K, reserved 1179648K
  class space    used 11472K, committed 11840K, reserved 1048576K
}
Event: 368.385 GC heap after
{Heap after GC invocations=43 (full 3):
 garbage-first heap   total 581632K, used 49956K [0x0000000400000000, 0x0000000800000000)
  region size 8192K, 1 young (8192K), 1 survivors (8192K)
 Metaspace       used 88914K, committed 89664K, reserved 1179648K
  class space    used 11472K, committed 11840K, reserved 1048576K
}
Event: 434.908 GC heap before
{Heap before GC invocations=43 (full 3):
 garbage-first heap   total 581632K, used 254756K [0x0000000400000000, 0x0000000800000000)
  region size 8192K, 27 young (221184K), 1 survivors (8192K)
 Metaspace       used 89866K, committed 90624K, reserved 1179648K
  class space    used 11524K, committed 11904K, reserved 1048576K
}
Event: 434.992 GC heap after
{Heap after GC invocations=44 (full 4):
 garbage-first heap   total 303104K, used 51376K [0x0000000400000000, 0x0000000800000000)
  region size 8192K, 0 young (0K), 0 survivors (0K)
 Metaspace       used 89860K, committed 90624K, reserved 1179648K
  class space    used 11523K, committed 11904K, reserved 1048576K
}
Event: 436.935 GC heap before
{Heap before GC invocations=44 (full 4):
 garbage-first heap   total 303104K, used 198832K [0x0000000400000000, 0x0000000800000000)
  region size 8192K, 18 young (147456K), 0 survivors (0K)
 Metaspace       used 90854K, committed 91584K, reserved 1179648K
  class space    used 11597K, committed 11968K, reserved 1048576K
}
Event: 436.941 GC heap after
{Heap after GC invocations=45 (full 4):
 garbage-first heap   total 303104K, used 60263K [0x0000000400000000, 0x0000000800000000)
  region size 8192K, 2 young (16384K), 2 survivors (16384K)
 Metaspace       used 90854K, committed 91584K, reserved 1179648K
  class space    used 11597K, committed 11968K, reserved 1048576K
}
Event: 489.630 GC heap before
{Heap before GC invocations=46 (full 4):
 garbage-first heap   total 303104K, used 142183K [0x0000000400000000, 0x0000000800000000)
  region size 8192K, 13 young (106496K), 2 survivors (16384K)
 Metaspace       used 90965K, committed 91712K, reserved 1179648K
  class space    used 11602K, committed 11968K, reserved 1048576K
}
Event: 489.774 GC heap after
{Heap after GC invocations=47 (full 5):
 garbage-first heap   total 196608K, used 56339K [0x0000000400000000, 0x0000000800000000)
  region size 8192K, 0 young (0K), 0 survivors (0K)
 Metaspace       used 90958K, committed 91712K, reserved 1179648K
  class space    used 11601K, committed 11968K, reserved 1048576K
}
Event: 490.943 GC heap before
{Heap before GC invocations=47 (full 5):
 garbage-first heap   total 196608K, used 146451K [0x0000000400000000, 0x0000000800000000)
  region size 8192K, 11 young (90112K), 0 survivors (0K)
 Metaspace       used 91319K, committed 92160K, reserved 1179648K
  class space    used 11625K, committed 12032K, reserved 1048576K
}
Event: 490.946 GC heap after
{Heap after GC invocations=48 (full 5):
 garbage-first heap   total 196608K, used 63244K [0x0000000400000000, 0x0000000800000000)
  region size 8192K, 1 young (8192K), 1 survivors (8192K)
 Metaspace       used 91319K, committed 92160K, reserved 1179648K
  class space    used 11625K, committed 12032K, reserved 1048576K
}
Event: 492.276 GC heap before
{Heap before GC invocations=49 (full 5):
 garbage-first heap   total 196608K, used 145164K [0x0000000400000000, 0x0000000800000000)
  region size 8192K, 11 young (90112K), 1 survivors (8192K)
 Metaspace       used 91992K, committed 92800K, reserved 1179648K
  class space    used 11661K, committed 12096K, reserved 1048576K
}
Event: 492.280 GC heap after
{Heap after GC invocations=50 (full 5):
 garbage-first heap   total 196608K, used 65959K [0x0000000400000000, 0x0000000800000000)
  region size 8192K, 2 young (16384K), 2 survivors (16384K)
 Metaspace       used 91992K, committed 92800K, reserved 1179648K
  class space    used 11661K, committed 12096K, reserved 1048576K
}

Dll operation events (20 events):
Event: 5.295 Loading shared library /usr/lib/java/libtcnative-1.dylib failed, dlopen(/usr/lib/java/libtcnative-1.dylib, 0x0001): tried: '/usr/lib/java/libtcnative-1.dylib' (no such file), '/System/Volumes/Preboot/Cryptexes/OS/usr/lib/java/libtcnative-1.dylib' (no such
Event: 5.295 Loading shared library /usr/lib/java/libtcnative-1.jnilib failed, dlopen(/usr/lib/java/libtcnative-1.jnilib, 0x0001): tried: '/usr/lib/java/libtcnative-1.jnilib' (no such file), '/System/Volumes/Preboot/Cryptexes/OS/usr/lib/java/libtcnative-1.jnilib' (no 
Event: 5.296 Loading shared library /Users/nikola/Documents/BIG_DATA_FER/progi_app_git/menZg/IzvorniKod/backend/libtcnative-1.dylib failed, dlopen(/Users/nikola/Documents/BIG_DATA_FER/progi_app_git/menZg/IzvorniKod/backend/libtcnative-1.dylib, 0x0001): tried: '/Users/
Event: 5.296 Loading shared library /Users/nikola/Documents/BIG_DATA_FER/progi_app_git/menZg/IzvorniKod/backend/libtcnative-1.jnilib failed, dlopen(/Users/nikola/Documents/BIG_DATA_FER/progi_app_git/menZg/IzvorniKod/backend/libtcnative-1.jnilib, 0x0001): tried: '/User
Event: 5.296 Loading shared library /Users/nikola/.p2/pool/plugins/org.eclipse.justj.openjdk.hotspot.jre.full.macosx.x86_64_17.0.7.v20230425-1502/jre/lib/liblibtcnative-1.dylib failed, dlopen(/Users/nikola/.p2/pool/plugins/org.eclipse.justj.openjdk.hotspot.jre.full.ma
Event: 5.297 Loading shared library /Users/nikola/.p2/pool/plugins/org.eclipse.justj.openjdk.hotspot.jre.full.macosx.x86_64_17.0.7.v20230425-1502/jre/lib/liblibtcnative-1.jnilib failed, dlopen(/Users/nikola/.p2/pool/plugins/org.eclipse.justj.openjdk.hotspot.jre.full.m
Event: 5.297 Loading shared library /Users/nikola/Library/Java/Extensions/liblibtcnative-1.dylib failed, dlopen(/Users/nikola/Library/Java/Extensions/liblibtcnative-1.dylib, 0x0001): tried: '/Users/nikola/Library/Java/Extensions/liblibtcnative-1.dylib' (no such file),
Event: 5.297 Loading shared library /Users/nikola/Library/Java/Extensions/liblibtcnative-1.jnilib failed, dlopen(/Users/nikola/Library/Java/Extensions/liblibtcnative-1.jnilib, 0x0001): tried: '/Users/nikola/Library/Java/Extensions/liblibtcnative-1.jnilib' (no such fil
Event: 5.297 Loading shared library /Library/Java/Extensions/liblibtcnative-1.dylib failed, dlopen(/Library/Java/Extensions/liblibtcnative-1.dylib, 0x0001): tried: '/Library/Java/Extensions/liblibtcnative-1.dylib' (no such file), '/System/Volumes/Preboot/Cryptexes/OS/
Event: 5.297 Loading shared library /Library/Java/Extensions/liblibtcnative-1.jnilib failed, dlopen(/Library/Java/Extensions/liblibtcnative-1.jnilib, 0x0001): tried: '/Library/Java/Extensions/liblibtcnative-1.jnilib' (no such file), '/System/Volumes/Preboot/Cryptexes/
Event: 5.297 Loading shared library /Network/Library/Java/Extensions/liblibtcnative-1.dylib failed, dlopen(/Network/Library/Java/Extensions/liblibtcnative-1.dylib, 0x0001): tried: '/Network/Library/Java/Extensions/liblibtcnative-1.dylib' (no such file), '/System/Volum
Event: 5.297 Loading shared library /Network/Library/Java/Extensions/liblibtcnative-1.jnilib failed, dlopen(/Network/Library/Java/Extensions/liblibtcnative-1.jnilib, 0x0001): tried: '/Network/Library/Java/Extensions/liblibtcnative-1.jnilib' (no such file), '/System/Vo
Event: 5.298 Loading shared library /System/Library/Java/Extensions/liblibtcnative-1.dylib failed, dlopen(/System/Library/Java/Extensions/liblibtcnative-1.dylib, 0x0001): tried: '/System/Library/Java/Extensions/liblibtcnative-1.dylib' (no such file), '/System/Volumes/
Event: 5.298 Loading shared library /System/Library/Java/Extensions/liblibtcnative-1.jnilib failed, dlopen(/System/Library/Java/Extensions/liblibtcnative-1.jnilib, 0x0001): tried: '/System/Library/Java/Extensions/liblibtcnative-1.jnilib' (no such file), '/System/Volum
Event: 5.298 Loading shared library /usr/lib/java/liblibtcnative-1.dylib failed, dlopen(/usr/lib/java/liblibtcnative-1.dylib, 0x0001): tried: '/usr/lib/java/liblibtcnative-1.dylib' (no such file), '/System/Volumes/Preboot/Cryptexes/OS/usr/lib/java/liblibtcnative-1.dyl
Event: 5.298 Loading shared library /usr/lib/java/liblibtcnative-1.jnilib failed, dlopen(/usr/lib/java/liblibtcnative-1.jnilib, 0x0001): tried: '/usr/lib/java/liblibtcnative-1.jnilib' (no such file), '/System/Volumes/Preboot/Cryptexes/OS/usr/lib/java/liblibtcnative-1.
Event: 5.298 Loading shared library /Users/nikola/Documents/BIG_DATA_FER/progi_app_git/menZg/IzvorniKod/backend/liblibtcnative-1.dylib failed, dlopen(/Users/nikola/Documents/BIG_DATA_FER/progi_app_git/menZg/IzvorniKod/backend/liblibtcnative-1.dylib, 0x0001): tried: '/
Event: 5.298 Loading shared library /Users/nikola/Documents/BIG_DATA_FER/progi_app_git/menZg/IzvorniKod/backend/liblibtcnative-1.jnilib failed, dlopen(/Users/nikola/Documents/BIG_DATA_FER/progi_app_git/menZg/IzvorniKod/backend/liblibtcnative-1.jnilib, 0x0001): tried: 
Event: 7.880 Loaded shared library /Users/nikola/.p2/pool/plugins/org.eclipse.justj.openjdk.hotspot.jre.full.macosx.x86_64_17.0.7.v20230425-1502/jre/lib/libverify.dylib
Event: 13.995 Loaded shared library /Users/nikola/.p2/pool/plugins/org.eclipse.justj.openjdk.hotspot.jre.full.macosx.x86_64_17.0.7.v20230425-1502/jre/lib/libextnet.dylib

Deoptimization events (20 events):
Event: 490.266 Thread 0x00007fce74d6c600 Uncommon trap: trap_request=0xffffffbe fr.pc=0x000000011cae039c relative=0x00000000000010dc
Event: 490.266 Thread 0x00007fce74d6c600 Uncommon trap: reason=profile_predicate action=maybe_recompile pc=0x000000011cae039c method=org.springframework.core.annotation.MergedAnnotationsCollection.find(Ljava/lang/Object;Ljava/util/function/Predicate;Lorg/springframework/core/annotation/MergedAnn
Event: 490.266 Thread 0x00007fce74d6c600 DEOPT PACKING pc=0x000000011cae039c sp=0x000000030f496530
Event: 490.266 Thread 0x00007fce74d6c600 DEOPT UNPACKING pc=0x000000011bb11693 sp=0x000000030f496510 mode 2
Event: 490.269 Thread 0x00007fce74d6c600 Uncommon trap: trap_request=0xffffffbe fr.pc=0x000000011cae039c relative=0x00000000000010dc
Event: 490.269 Thread 0x00007fce74d6c600 Uncommon trap: reason=profile_predicate action=maybe_recompile pc=0x000000011cae039c method=org.springframework.core.annotation.MergedAnnotationsCollection.find(Ljava/lang/Object;Ljava/util/function/Predicate;Lorg/springframework/core/annotation/MergedAnn
Event: 490.269 Thread 0x00007fce74d6c600 DEOPT PACKING pc=0x000000011cae039c sp=0x000000030f496530
Event: 490.269 Thread 0x00007fce74d6c600 DEOPT UNPACKING pc=0x000000011bb11693 sp=0x000000030f496510 mode 2
Event: 490.271 Thread 0x00007fce74d6c600 Uncommon trap: trap_request=0xffffffbe fr.pc=0x000000011cae039c relative=0x00000000000010dc
Event: 490.271 Thread 0x00007fce74d6c600 Uncommon trap: reason=profile_predicate action=maybe_recompile pc=0x000000011cae039c method=org.springframework.core.annotation.MergedAnnotationsCollection.find(Ljava/lang/Object;Ljava/util/function/Predicate;Lorg/springframework/core/annotation/MergedAnn
Event: 490.271 Thread 0x00007fce74d6c600 DEOPT PACKING pc=0x000000011cae039c sp=0x000000030f496590
Event: 490.271 Thread 0x00007fce74d6c600 DEOPT UNPACKING pc=0x000000011bb11693 sp=0x000000030f496570 mode 2
Event: 490.271 Thread 0x00007fce74d6c600 Uncommon trap: trap_request=0xffffffbe fr.pc=0x000000011cae039c relative=0x00000000000010dc
Event: 490.271 Thread 0x00007fce74d6c600 Uncommon trap: reason=profile_predicate action=maybe_recompile pc=0x000000011cae039c method=org.springframework.core.annotation.MergedAnnotationsCollection.find(Ljava/lang/Object;Ljava/util/function/Predicate;Lorg/springframework/core/annotation/MergedAnn
Event: 490.271 Thread 0x00007fce74d6c600 DEOPT PACKING pc=0x000000011cae039c sp=0x000000030f4966b0
Event: 490.271 Thread 0x00007fce74d6c600 DEOPT UNPACKING pc=0x000000011bb11693 sp=0x000000030f496690 mode 2
Event: 490.277 Thread 0x00007fce74d6c600 DEOPT PACKING pc=0x0000000115888a6e sp=0x000000030f496d00
Event: 490.277 Thread 0x00007fce74d6c600 DEOPT UNPACKING pc=0x000000011bb11e10 sp=0x000000030f4961b0 mode 0
Event: 491.299 Thread 0x00007fce74d6c600 DEOPT PACKING pc=0x0000000115383193 sp=0x000000030f495460
Event: 491.299 Thread 0x00007fce74d6c600 DEOPT UNPACKING pc=0x000000011bb11e10 sp=0x000000030f494b78 mode 0

Classes unloaded (12 events):
Event: 66.890 Thread 0x00007fcee2f099c0 Unloading class 0x00000008009f4c00 'jdk/internal/reflect/GeneratedSerializationConstructorAccessor2'
Event: 66.890 Thread 0x00007fcee2f099c0 Unloading class 0x00000008009f4400 'jdk/internal/reflect/GeneratedSerializationConstructorAccessor1'
Event: 353.146 Thread 0x00007fcee2f099c0 Unloading class 0x0000000800b84800 'jdk/internal/reflect/GeneratedSerializationConstructorAccessor6'
Event: 353.146 Thread 0x00007fcee2f099c0 Unloading class 0x0000000800b84000 'jdk/internal/reflect/GeneratedSerializationConstructorAccessor5'
Event: 353.146 Thread 0x00007fcee2f099c0 Unloading class 0x0000000800b21400 'jdk/internal/reflect/GeneratedSerializationConstructorAccessor4'
Event: 353.146 Thread 0x00007fcee2f099c0 Unloading class 0x0000000800b20c00 'jdk/internal/reflect/GeneratedSerializationConstructorAccessor3'
Event: 367.628 Thread 0x00007fcee2f099c0 Unloading class 0x0000000800b9f800 'jdk/internal/reflect/GeneratedSerializationConstructorAccessor8'
Event: 367.628 Thread 0x00007fcee2f099c0 Unloading class 0x0000000800b9f400 'jdk/internal/reflect/GeneratedSerializationConstructorAccessor7'
Event: 434.925 Thread 0x00007fcee2f099c0 Unloading class 0x0000000800bb4800 'jdk/internal/reflect/GeneratedSerializationConstructorAccessor10'
Event: 434.925 Thread 0x00007fcee2f099c0 Unloading class 0x0000000800bb4400 'jdk/internal/reflect/GeneratedSerializationConstructorAccessor9'
Event: 489.672 Thread 0x00007fcee2f099c0 Unloading class 0x0000000800bcc000 'jdk/internal/reflect/GeneratedSerializationConstructorAccessor12'
Event: 489.672 Thread 0x00007fcee2f099c0 Unloading class 0x0000000800bc0c00 'jdk/internal/reflect/GeneratedSerializationConstructorAccessor11'

Classes redefined (0 events):
No events

Internal exceptions (20 events):
Event: 435.676 Thread 0x00007fcee5154000 Exception <a 'java/lang/ArrayIndexOutOfBoundsException'{0x000000040f5ed3e0}> (0x000000040f5ed3e0) 
thrown [src/hotspot/share/runtime/sharedRuntime.cpp, line 628]
Event: 435.820 Thread 0x00007fcee5154000 Exception <a 'java/io/FileNotFoundException'{0x000000040e4e4818}> (0x000000040e4e4818) 
thrown [src/hotspot/share/prims/jni.cpp, line 516]
Event: 436.013 Thread 0x00007fcee5154000 Exception <a 'java/io/FileNotFoundException'{0x000000040d5f45f8}> (0x000000040d5f45f8) 
thrown [src/hotspot/share/prims/jni.cpp, line 516]
Event: 436.634 Thread 0x00007fcee5154000 Exception <a 'java/lang/reflect/InvocationTargetException'{0x000000040a3eccc0}> (0x000000040a3eccc0) 
thrown [src/hotspot/share/runtime/reflection.cpp, line 1121]
Event: 489.599 Thread 0x00007fcee314c400 Exception <a 'java/io/IOException'{0x000000040c9770d8}> (0x000000040c9770d8) 
thrown [src/hotspot/share/prims/jni.cpp, line 516]
Event: 489.629 Thread 0x00007fcec411ba00 Exception <a 'java/lang/InterruptedException'{0x000000040ceb6548}: sleep interrupted> (0x000000040ceb6548) 
thrown [src/hotspot/share/prims/jvm.cpp, line 3070]
Event: 489.823 Thread 0x00007fce74d6c600 Exception <a 'sun/nio/fs/UnixException'{0x000000040b8b3ee8}> (0x000000040b8b3ee8) 
thrown [src/hotspot/share/prims/jni.cpp, line 516]
Event: 490.340 Thread 0x00007fce74d6c600 Exception <a 'java/lang/NoClassDefFoundError'{0x000000040932f2b0}: org/flywaydb/core/Flyway> (0x000000040932f2b0) 
thrown [src/hotspot/share/oops/constantPool.cpp, line 835]
Event: 490.340 Thread 0x00007fce74d6c600 Exception <a 'java/lang/NoClassDefFoundError'{0x000000040932f900}: liquibase/integration/spring/SpringLiquibase> (0x000000040932f900) 
thrown [src/hotspot/share/oops/constantPool.cpp, line 835]
Event: 490.347 Thread 0x00007fce74d6c600 Exception <a 'java/lang/NoClassDefFoundError'{0x00000004093b6af0}: org/jooq/DSLContext> (0x00000004093b6af0) 
thrown [src/hotspot/share/oops/constantPool.cpp, line 835]
Event: 490.347 Thread 0x00007fce74d6c600 Exception <a 'java/lang/NoClassDefFoundError'{0x00000004093b8598}: org/springframework/batch/core/repository/JobRepository> (0x00000004093b8598) 
thrown [src/hotspot/share/oops/constantPool.cpp, line 835]
Event: 490.347 Thread 0x00007fce74d6c600 Exception <a 'java/lang/NoClassDefFoundError'{0x00000004093b8be0}: org/quartz/Scheduler> (0x00000004093b8be0) 
thrown [src/hotspot/share/oops/constantPool.cpp, line 835]
Event: 490.347 Thread 0x00007fce74d6c600 Exception <a 'java/lang/NoClassDefFoundError'{0x00000004093b9250}: org/springframework/session/jdbc/JdbcIndexedSessionRepository> (0x00000004093b9250) 
thrown [src/hotspot/share/oops/constantPool.cpp, line 835]
Event: 490.376 Thread 0x00007fce74d6c600 Exception <a 'java/lang/ArrayIndexOutOfBoundsException'{0x00000004094f16c0}> (0x00000004094f16c0) 
thrown [src/hotspot/share/runtime/sharedRuntime.cpp, line 628]
Event: 490.376 Thread 0x00007fce74d6c600 Exception <a 'java/lang/ArrayIndexOutOfBoundsException'{0x00000004094f21d8}> (0x00000004094f21d8) 
thrown [src/hotspot/share/runtime/sharedRuntime.cpp, line 628]
Event: 490.391 Thread 0x00007fce74d6c600 Exception <a 'java/lang/ArrayIndexOutOfBoundsException'{0x0000000409538198}> (0x0000000409538198) 
thrown [src/hotspot/share/runtime/sharedRuntime.cpp, line 628]
Event: 490.391 Thread 0x00007fce74d6c600 Exception <a 'java/lang/ArrayIndexOutOfBoundsException'{0x0000000409538cb0}> (0x0000000409538cb0) 
thrown [src/hotspot/share/runtime/sharedRuntime.cpp, line 628]
Event: 490.528 Thread 0x00007fce74d6c600 Exception <a 'java/io/FileNotFoundException'{0x0000000408429810}> (0x0000000408429810) 
thrown [src/hotspot/share/prims/jni.cpp, line 516]
Event: 490.712 Thread 0x00007fce74d6c600 Exception <a 'java/io/FileNotFoundException'{0x00000004074f2ac0}> (0x00000004074f2ac0) 
thrown [src/hotspot/share/prims/jni.cpp, line 516]
Event: 491.657 Thread 0x00007fce74d6c600 Exception <a 'java/lang/reflect/InvocationTargetException'{0x000000040a24f598}> (0x000000040a24f598) 
thrown [src/hotspot/share/runtime/reflection.cpp, line 1121]

VM Operations (20 events):
Event: 489.629 Executing VM operation: G1CollectFull
Event: 489.774 Executing VM operation: G1CollectFull done
Event: 490.778 Executing VM operation: Cleanup
Event: 490.780 Executing VM operation: Cleanup done
Event: 490.942 Executing VM operation: G1CollectForAllocation
Event: 490.946 Executing VM operation: G1CollectForAllocation done
Event: 490.985 Executing VM operation: G1Concurrent
Event: 491.032 Executing VM operation: G1Concurrent done
Event: 491.032 Executing VM operation: G1Concurrent
Event: 491.032 Executing VM operation: G1Concurrent done
Event: 491.394 Executing VM operation: HandshakeAllThreads
Event: 491.395 Executing VM operation: HandshakeAllThreads done
Event: 492.275 Executing VM operation: G1CollectForAllocation
Event: 492.280 Executing VM operation: G1CollectForAllocation done
Event: 493.287 Executing VM operation: Cleanup
Event: 493.289 Executing VM operation: Cleanup done
Event: 548.507 Executing VM operation: Cleanup
Event: 548.515 Executing VM operation: Cleanup done
Event: 591.671 Executing VM operation: Cleanup
Event: 591.671 Executing VM operation: Cleanup done

Events (20 events):
Event: 492.836 Thread 0x00007fceb36e5c00 Thread added: 0x00007fceb36e5c00
Event: 492.836 Protecting memory [0x0000000310de6000,0x0000000310dea000] with protection modes 0
Event: 492.836 Thread 0x00007fceb3038e00 Thread added: 0x00007fceb3038e00
Event: 492.836 Protecting memory [0x0000000310ee9000,0x0000000310eed000] with protection modes 0
Event: 492.836 Thread 0x00007fceb3039400 Thread added: 0x00007fceb3039400
Event: 492.836 Protecting memory [0x0000000310fec000,0x0000000310ff0000] with protection modes 0
Event: 492.836 Thread 0x00007fceb3039a00 Thread added: 0x00007fceb3039a00
Event: 492.836 Protecting memory [0x00000003110ef000,0x00000003110f3000] with protection modes 0
Event: 492.836 Thread 0x00007fce75be8a00 Thread added: 0x00007fce75be8a00
Event: 492.836 Protecting memory [0x00000003111f2000,0x00000003111f6000] with protection modes 0
Event: 492.866 Protecting memory [0x000000030f398000,0x000000030f39c000] with protection modes 3
Event: 492.866 Protecting memory [0x000000030f192000,0x000000030f196000] with protection modes 3
Event: 492.866 Thread 0x00007fce74d6c600 Thread exited: 0x00007fce74d6c600
Event: 492.866 Thread 0x00007fcec3144400 Thread exited: 0x00007fcec3144400
Event: 496.147 Protecting memory [0x00000003101c2000,0x00000003101c6000] with protection modes 3
Event: 496.147 Thread 0x00007fce757e4400 Thread exited: 0x00007fce757e4400
Event: 497.861 Protecting memory [0x00000003103c8000,0x00000003103cc000] with protection modes 3
Event: 497.861 Thread 0x00007fce75b76200 Thread exited: 0x00007fce75b76200
Event: 551.859 Protecting memory [0x000000030e7ef000,0x000000030e7f3000] with protection modes 3
Event: 551.860 Thread 0x00007fce759f4800 Thread exited: 0x00007fce759f4800


Dynamic libraries:
0x000000010d294000 	/Users/nikola/.p2/pool/plugins/org.eclipse.justj.openjdk.hotspot.jre.full.macosx.x86_64_17.0.7.v20230425-1502/jre/lib/libjli.dylib
0x00007ff820ce7000 	/usr/lib/libz.1.dylib
0x00007ff820dde000 	/usr/lib/libSystem.B.dylib
0x00007ff820dd8000 	/usr/lib/system/libcache.dylib
0x00007ff820d90000 	/usr/lib/system/libcommonCrypto.dylib
0x00007ff820dba000 	/usr/lib/system/libcompiler_rt.dylib
0x00007ff820dae000 	/usr/lib/system/libcopyfile.dylib
0x00007ff81244d000 	/usr/lib/system/libcorecrypto.dylib
0x00007ff812545000 	/usr/lib/system/libdispatch.dylib
0x00007ff8126f6000 	/usr/lib/system/libdyld.dylib
0x00007ff820dce000 	/usr/lib/system/libkeymgr.dylib
0x00007ff820d73000 	/usr/lib/system/libmacho.dylib
0x00007ff8200c5000 	/usr/lib/system/libquarantine.dylib
0x00007ff820dcb000 	/usr/lib/system/libremovefile.dylib
0x00007ff81810e000 	/usr/lib/system/libsystem_asl.dylib
0x00007ff8123e7000 	/usr/lib/system/libsystem_blocks.dylib
0x00007ff812590000 	/usr/lib/system/libsystem_c.dylib
0x00007ff820dc2000 	/usr/lib/system/libsystem_collections.dylib
0x00007ff81ee62000 	/usr/lib/system/libsystem_configuration.dylib
0x00007ff81dc0c000 	/usr/lib/system/libsystem_containermanager.dylib
0x00007ff820943000 	/usr/lib/system/libsystem_coreservices.dylib
0x00007ff815bae000 	/usr/lib/system/libsystem_darwin.dylib
0x00007ffd17c54000 	/usr/lib/system/libsystem_darwindirectory.dylib
0x00007ff820dcf000 	/usr/lib/system/libsystem_dnssd.dylib
0x00007ffd17c58000 	/usr/lib/system/libsystem_eligibility.dylib
0x00007ff81258d000 	/usr/lib/system/libsystem_featureflags.dylib
0x00007ff81272d000 	/usr/lib/system/libsystem_info.dylib
0x00007ff820cfb000 	/usr/lib/system/libsystem_m.dylib
0x00007ff812501000 	/usr/lib/system/libsystem_malloc.dylib
0x00007ff81807f000 	/usr/lib/system/libsystem_networkextension.dylib
0x00007ff815fea000 	/usr/lib/system/libsystem_notify.dylib
0x00007ff81ee66000 	/usr/lib/system/libsystem_sandbox.dylib
0x00007ffd17c5f000 	/usr/lib/system/libsystem_sanitizers.dylib
0x00007ff820dc7000 	/usr/lib/system/libsystem_secinit.dylib
0x00007ff8126ae000 	/usr/lib/system/libsystem_kernel.dylib
0x00007ff812723000 	/usr/lib/system/libsystem_platform.dylib
0x00007ff8126ea000 	/usr/lib/system/libsystem_pthread.dylib
0x00007ff819e3d000 	/usr/lib/system/libsystem_symptoms.dylib
0x00007ff812432000 	/usr/lib/system/libsystem_trace.dylib
0x00007ff820d9d000 	/usr/lib/system/libunwind.dylib
0x00007ff8123eb000 	/usr/lib/system/libxpc.dylib
0x00007ff812318000 	/usr/lib/libobjc.A.dylib
0x00007ff81275b000 	/System/Library/Frameworks/CoreFoundation.framework/Versions/A/CoreFoundation
0x00007ff824499000 	/usr/lib/swift/libswiftCore.dylib
0x00007ff812696000 	/usr/lib/libc++abi.dylib
0x00007ff820da6000 	/usr/lib/liboah.dylib
0x00007ff812619000 	/usr/lib/libc++.1.dylib
0x00007ff81371b000 	/System/Library/Frameworks/Foundation.framework/Versions/C/Foundation
0x00007ff82d14b000 	/usr/lib/swift/libswiftObjectiveC.dylib
0x00007ff815ea3000 	/System/Library/PrivateFrameworks/CoreServicesInternal.framework/Versions/A/CoreServicesInternal
0x00007ff820de0000 	/usr/lib/libfakelink.dylib
0x00007ff81590f000 	/usr/lib/libicucore.A.dylib
0x00007ff820de3000 	/System/Library/PrivateFrameworks/SoftLinking.framework/Versions/A/SoftLinking
0x00007ff828925000 	/System/Library/Frameworks/CoreServices.framework/Versions/A/CoreServices
0x00007ff815542000 	/System/Library/Frameworks/Security.framework/Versions/A/Security
0x00007ff815f24000 	/System/Library/Frameworks/IOKit.framework/Versions/A/IOKit
0x00007ff82c797000 	/System/Library/PrivateFrameworks/DiskImages.framework/Versions/A/DiskImages
0x00007ff919b37000 	/System/Library/Frameworks/NetFS.framework/Versions/A/NetFS
0x00007ff817cdb000 	/System/Library/Frameworks/CFNetwork.framework/Versions/A/CFNetwork
0x00007ff81c1cc000 	/System/Library/Frameworks/CoreServices.framework/Versions/A/Frameworks/FSEvents.framework/Versions/A/FSEvents
0x00007ff815bb9000 	/System/Library/Frameworks/CoreServices.framework/Versions/A/Frameworks/CarbonCore.framework/Versions/A/CarbonCore
0x00007ff81af65000 	/System/Library/Frameworks/CoreServices.framework/Versions/A/Frameworks/Metadata.framework/Versions/A/Metadata
0x00007ff82094a000 	/System/Library/Frameworks/CoreServices.framework/Versions/A/Frameworks/OSServices.framework/Versions/A/OSServices
0x00007ff820ebc000 	/System/Library/Frameworks/CoreServices.framework/Versions/A/Frameworks/SearchKit.framework/Versions/A/SearchKit
0x00007ff819dbd000 	/System/Library/Frameworks/CoreServices.framework/Versions/A/Frameworks/AE.framework/Versions/A/AE
0x00007ff812bf8000 	/System/Library/Frameworks/CoreServices.framework/Versions/A/Frameworks/LaunchServices.framework/Versions/A/LaunchServices
0x00007ff822452000 	/System/Library/Frameworks/CoreServices.framework/Versions/A/Frameworks/DictionaryServices.framework/Versions/A/DictionaryServices
0x00007ff81c1da000 	/System/Library/Frameworks/CoreServices.framework/Versions/A/Frameworks/SharedFileList.framework/Versions/A/SharedFileList
0x00007ff8133a9000 	/System/Library/Frameworks/SystemConfiguration.framework/Versions/A/SystemConfiguration
0x00007ff820f41000 	/usr/lib/libapple_nghttp2.dylib
0x00007ff820f77000 	/usr/lib/libcompression.dylib
0x00007ff819a25000 	/usr/lib/libsqlite3.dylib
0x00007ff81aed8000 	/System/Library/PrivateFrameworks/CoreAnalytics.framework/Versions/A/CoreAnalytics
0x00007ff818613000 	/System/Library/Frameworks/CoreGraphics.framework/Versions/A/CoreGraphics
0x00007ff8250b3000 	/System/Library/Frameworks/GSS.framework/Versions/A/GSS
0x00007ff8239b6000 	/System/Library/PrivateFrameworks/InternationalSupport.framework/Versions/A/InternationalSupport
0x00007ff819d59000 	/System/Library/PrivateFrameworks/RunningBoardServices.framework/Versions/A/RunningBoardServices
0x00007ff818099000 	/usr/lib/libenergytrace.dylib
0x00007ff819e45000 	/System/Library/Frameworks/Network.framework/Versions/A/Network
0x00007ff81af07000 	/usr/lib/libDiagnosticMessagesClient.dylib
0x00007ff8200ea000 	/usr/lib/libbsm.0.dylib
0x00007ff820d77000 	/usr/lib/system/libkxld.dylib
0x00007ffd16b29000 	/usr/lib/libCoreEntitlements.dylib
0x00007ffc16e86000 	/System/Library/PrivateFrameworks/MessageSecurity.framework/Versions/A/MessageSecurity
0x00007ff819a0c000 	/System/Library/PrivateFrameworks/ProtocolBuffer.framework/Versions/A/ProtocolBuffer
0x00007ff81809a000 	/usr/lib/libMobileGestalt.dylib
0x00007ff820929000 	/System/Library/PrivateFrameworks/AppleFSCompression.framework/Versions/A/AppleFSCompression
0x00007ff8200d2000 	/usr/lib/libcoretls.dylib
0x00007ff8224bf000 	/usr/lib/libcoretls_cfhelpers.dylib
0x00007ff820f71000 	/usr/lib/libpam.2.dylib
0x00007ff822539000 	/usr/lib/libxar.1.dylib
0x00007ff81c205000 	/System/Library/PrivateFrameworks/CoreAutoLayout.framework/Versions/A/CoreAutoLayout
0x00007ff81afec000 	/System/Library/Frameworks/DiskArbitration.framework/Versions/A/DiskArbitration
0x00007ff820e33000 	/usr/lib/libarchive.2.dylib
0x00007ff81c24d000 	/usr/lib/libxml2.2.dylib
0x00007ff81ee73000 	/usr/lib/liblangid.dylib
0x00007ff8267d6000 	/System/Library/Frameworks/Combine.framework/Versions/A/Combine
0x00007ffb22289000 	/System/Library/PrivateFrameworks/CollectionsInternal.framework/Versions/A/CollectionsInternal
0x00007ffc1e110000 	/System/Library/PrivateFrameworks/ReflectionInternal.framework/Versions/A/ReflectionInternal
0x00007ffc1ec7f000 	/System/Library/PrivateFrameworks/RuntimeInternal.framework/Versions/A/RuntimeInternal
0x00007ff91c63c000 	/usr/lib/swift/libswiftCoreFoundation.dylib
0x00007ff919ff6000 	/usr/lib/swift/libswiftDarwin.dylib
0x00007ff82a69c000 	/usr/lib/swift/libswiftDispatch.dylib
0x00007ff91c68d000 	/usr/lib/swift/libswiftIOKit.dylib
0x00007ffd1788a000 	/usr/lib/swift/libswiftSystem.dylib
0x00007ff91c64d000 	/usr/lib/swift/libswiftXPC.dylib
0x00007ffd17902000 	/usr/lib/swift/libswift_Builtin_float.dylib
0x00007ffd17905000 	/usr/lib/swift/libswift_Concurrency.dylib
0x00007ffd17a4b000 	/usr/lib/swift/libswift_StringProcessing.dylib
0x00007ffd17ae6000 	/usr/lib/swift/libswift_errno.dylib
0x00007ffd17ae8000 	/usr/lib/swift/libswift_math.dylib
0x00007ffd17aeb000 	/usr/lib/swift/libswift_signal.dylib
0x00007ffd17aec000 	/usr/lib/swift/libswift_stdio.dylib
0x00007ffd17aed000 	/usr/lib/swift/libswift_time.dylib
0x00007ff82d14f000 	/usr/lib/swift/libswiftos.dylib
0x00007ffd17aee000 	/usr/lib/swift/libswiftsys_time.dylib
0x00007ffd17aef000 	/usr/lib/swift/libswiftunistd.dylib
0x00007ff81ee6e000 	/System/Library/PrivateFrameworks/AppleSystemInfo.framework/Versions/A/AppleSystemInfo
0x00007ff91c539000 	/System/Library/PrivateFrameworks/LoggingSupport.framework/Versions/A/LoggingSupport
0x00007ff81c3be000 	/System/Library/PrivateFrameworks/UserManagement.framework/Versions/A/UserManagement
0x00007ff817c08000 	/usr/lib/libboringssl.dylib
0x00007ff819e2d000 	/usr/lib/libdns_services.dylib
0x00007ff91b78d000 	/usr/lib/libquic.dylib
0x00007ff824421000 	/usr/lib/libusrtcp.dylib
0x00007ffa1ee0e000 	/System/Library/PrivateFrameworks/InternalSwiftProtobuf.framework/Versions/A/InternalSwiftProtobuf
0x00007ffd177c3000 	/usr/lib/swift/libswiftDistributed.dylib
0x00007ff817cda000 	/usr/lib/libnetwork.dylib
0x00007ff820f1f000 	/System/Library/PrivateFrameworks/AppleSauce.framework/Versions/A/AppleSauce
0x00007ffd177f3000 	/usr/lib/swift/libswiftObservation.dylib
0x00007ff813239000 	/System/Library/PrivateFrameworks/Lexicon.framework/Versions/A/Lexicon
0x00007ffb311d0000 	/System/Library/PrivateFrameworks/IO80211.framework/Versions/A/IO80211
0x00007ff82a90f000 	/System/Library/PrivateFrameworks/FrontBoardServices.framework/Versions/A/FrontBoardServices
0x00007ff820004000 	/System/Library/Frameworks/SecurityFoundation.framework/Versions/A/SecurityFoundation
0x00007ff81ef84000 	/System/Library/PrivateFrameworks/LinguisticData.framework/Versions/A/LinguisticData
0x00007ff81fde9000 	/System/Library/PrivateFrameworks/IOMobileFramebuffer.framework/Versions/A/IOMobileFramebuffer
0x00007ff81dc39000 	/System/Library/Frameworks/IOSurface.framework/Versions/A/IOSurface
0x00007ff819c76000 	/System/Library/PrivateFrameworks/BaseBoard.framework/Versions/A/BaseBoard
0x00007ff82a9e0000 	/System/Library/PrivateFrameworks/BoardServices.framework/Versions/A/BoardServices
0x00007ff81fff7000 	/System/Library/PrivateFrameworks/AssertionServices.framework/Versions/A/AssertionServices
0x00007ff82c5d0000 	/System/Library/PrivateFrameworks/BackBoardServices.framework/Versions/A/BackBoardServices
0x00007ff81e5f8000 	/System/Library/Frameworks/ImageIO.framework/Versions/A/ImageIO
0x00007ff818145000 	/System/Library/PrivateFrameworks/SkyLight.framework/Versions/A/SkyLight
0x00007ff81e04a000 	/System/Library/PrivateFrameworks/FontServices.framework/libFontParser.dylib
0x00007ff828bcd000 	/System/Library/Frameworks/Accelerate.framework/Versions/A/Accelerate
0x00007ff818125000 	/System/Library/PrivateFrameworks/TCC.framework/Versions/A/TCC
0x00007ff83003f000 	/System/Library/PrivateFrameworks/IOSurfaceAccelerator.framework/Versions/A/IOSurfaceAccelerator
0x00007ff82313a000 	/System/Library/PrivateFrameworks/WatchdogClient.framework/Versions/A/WatchdogClient
0x00007ff8146ff000 	/System/Library/Frameworks/CoreDisplay.framework/Versions/A/CoreDisplay
0x00007ff81def9000 	/System/Library/Frameworks/CoreMedia.framework/Versions/A/CoreMedia
0x00007ff81dc50000 	/System/Library/PrivateFrameworks/IOAccelerator.framework/Versions/A/IOAccelerator
0x00007ff81dc59000 	/System/Library/Frameworks/Metal.framework/Versions/A/Metal
0x00007ff81c32d000 	/System/Library/Frameworks/CoreVideo.framework/Versions/A/CoreVideo
0x00007ff820f6f000 	/System/Library/Frameworks/MetalPerformanceShaders.framework/Versions/A/MetalPerformanceShaders
0x00007ff82313c000 	/System/Library/PrivateFrameworks/MultitouchSupport.framework/Versions/A/MultitouchSupport
0x00007ff81bb27000 	/System/Library/Frameworks/QuartzCore.framework/Versions/A/QuartzCore
0x00007ffc1d704000 	/System/Library/PrivateFrameworks/ProDisplayLibrary.framework/Versions/A/ProDisplayLibrary
0x00007ff823180000 	/System/Library/Frameworks/VideoToolbox.framework/Versions/A/VideoToolbox
0x00007ff92911e000 	/usr/lib/swift/libswiftMetal.dylib
0x00007ffa174ff000 	/usr/lib/swift/libswiftOSLog.dylib
0x00007ff92db10000 	/usr/lib/swift/libswiftQuartzCore.dylib
0x00007ff9320b7000 	/usr/lib/swift/libswiftUniformTypeIdentifiers.dylib
0x00007ff91ff9a000 	/usr/lib/swift/libswiftsimd.dylib
0x00007ff81ffde000 	/System/Library/PrivateFrameworks/MobileKeyBag.framework/Versions/A/MobileKeyBag
0x00007ff81ee6d000 	/System/Library/PrivateFrameworks/AggregateDictionary.framework/Versions/A/AggregateDictionary
0x00007ff8224c1000 	/System/Library/PrivateFrameworks/APFS.framework/Versions/A/APFS
0x00007ffb1ef24000 	/System/Library/PrivateFrameworks/AppleKeyStore.framework/Versions/A/AppleKeyStore
0x00007ff822547000 	/usr/lib/libutil.dylib
0x00007ff8224a0000 	/usr/lib/liblzma.5.dylib
0x00007ff81aff4000 	/System/Library/Frameworks/Accelerate.framework/Versions/A/Frameworks/vImage.framework/Versions/A/vImage
0x00007ff8288fc000 	/System/Library/Frameworks/Accelerate.framework/Versions/A/Frameworks/vecLib.framework/Versions/A/vecLib
0x00007ff82257c000 	/System/Library/Frameworks/Accelerate.framework/Versions/A/Frameworks/vecLib.framework/Versions/A/libvMisc.dylib
0x00007ff81306a000 	/System/Library/Frameworks/Accelerate.framework/Versions/A/Frameworks/vecLib.framework/Versions/A/libBLAS.dylib
0x00007ff82ccb6000 	/System/Library/Frameworks/ApplicationServices.framework/Versions/A/ApplicationServices
0x00007ff818eee000 	/System/Library/Frameworks/ColorSync.framework/Versions/A/ColorSync
0x00007ff814bd3000 	/System/Library/Frameworks/CoreText.framework/Versions/A/CoreText
0x00007ff824c9d000 	/System/Library/Frameworks/ApplicationServices.framework/Versions/A/Frameworks/ATS.framework/Versions/A/ATS
0x00007ff8190a4000 	/System/Library/Frameworks/ApplicationServices.framework/Versions/A/Frameworks/HIServices.framework/Versions/A/HIServices
0x00007ff82387e000 	/System/Library/Frameworks/ApplicationServices.framework/Versions/A/Frameworks/PrintCore.framework/Versions/A/PrintCore
0x00007ff82507c000 	/System/Library/Frameworks/ApplicationServices.framework/Versions/A/Frameworks/QD.framework/Versions/A/QD
0x00007ff825075000 	/System/Library/Frameworks/ApplicationServices.framework/Versions/A/Frameworks/ColorSyncLegacy.framework/Versions/A/ColorSyncLegacy
0x00007ff824c73000 	/System/Library/Frameworks/ApplicationServices.framework/Versions/A/Frameworks/SpeechSynthesis.framework/Versions/A/SpeechSynthesis
0x00007ff81fdb7000 	/System/Library/PrivateFrameworks/CoreEmoji.framework/Versions/A/CoreEmoji
0x00007ffb28a26000 	/System/Library/PrivateFrameworks/FontServices.framework/Versions/A/FontServices
0x00007ff817727000 	/System/Library/Frameworks/UniformTypeIdentifiers.framework/Versions/A/UniformTypeIdentifiers
0x00007ff822c93000 	/System/Library/PrivateFrameworks/OTSVG.framework/Versions/A/OTSVG
0x00007ff81beca000 	/System/Library/Frameworks/ApplicationServices.framework/Versions/A/Frameworks/ATS.framework/Versions/A/Resources/libFontRegistry.dylib
0x00007ff822ce3000 	/System/Library/PrivateFrameworks/FontServices.framework/libhvf.dylib
0x00007ffc19eef000 	/System/Library/PrivateFrameworks/ParsingInternal.framework/Versions/A/ParsingInternal
0x00007ffd1780e000 	/usr/lib/swift/libswiftRegexBuilder.dylib
0x00007ffd179a3000 	/usr/lib/swift/libswift_RegexParser.dylib
0x00007ff823003000 	/System/Library/PrivateFrameworks/AppleJPEG.framework/Versions/A/AppleJPEG
0x00007ff822ab5000 	/usr/lib/libexpat.1.dylib
0x00007ff823749000 	/System/Library/Frameworks/ImageIO.framework/Versions/A/Resources/libPng.dylib
0x00007ff823776000 	/System/Library/Frameworks/ImageIO.framework/Versions/A/Resources/libTIFF.dylib
0x00007ff823869000 	/System/Library/Frameworks/ImageIO.framework/Versions/A/Resources/libGIF.dylib
0x00007ff82304f000 	/System/Library/Frameworks/ImageIO.framework/Versions/A/Resources/libJP2.dylib
0x00007ff822715000 	/usr/lib/libate.dylib
0x00007ff823809000 	/System/Library/Frameworks/ImageIO.framework/Versions/A/Resources/libJPEG.dylib
0x00007ff823800000 	/System/Library/Frameworks/ImageIO.framework/Versions/A/Resources/libRadiance.dylib
0x00007ffb2da37000 	/System/Library/PrivateFrameworks/GPUCompiler.framework/Versions/32023/Libraries/libllvm-flatbuffers.dylib
0x00007ffb28aec000 	/System/Library/PrivateFrameworks/FramePacing.framework/Versions/A/FramePacing
0x00007ffa31bfe000 	/System/Library/Frameworks/OpenGL.framework/Versions/A/Libraries/libCoreFSCache.dylib
0x00007ffb29703000 	/System/Library/PrivateFrameworks/GPUCompiler.framework/Versions/32023/Libraries/libGPUCompilerUtils.dylib
0x00007ffb28a27000 	/System/Library/PrivateFrameworks/FontServices.framework/libXTFontStaticRegistryData.dylib
0x00007ff81e98d000 	/System/Library/Frameworks/CoreImage.framework/Versions/A/CoreImage
0x00007ffa1abab000 	/System/Library/PrivateFrameworks/Symbolication.framework/Versions/A/Symbolication
0x00007ffc1ca90000 	/System/Library/PrivateFrameworks/PhotosensitivityProcessing.framework/Versions/A/PhotosensitivityProcessing
0x00007ffa31c0a000 	/System/Library/Frameworks/OpenGL.framework/Versions/A/OpenGL
0x00007ffb12c21000 	/System/Library/Frameworks/OpenCL.framework/Versions/A/OpenCL
0x00007ff822c84000 	/System/Library/PrivateFrameworks/GraphVisualizer.framework/Versions/A/GraphVisualizer
0x00007ffa31c5b000 	/System/Library/Frameworks/OpenGL.framework/Versions/A/Libraries/libGLU.dylib
0x00007ffa31c1d000 	/System/Library/Frameworks/OpenGL.framework/Versions/A/Libraries/libGFXShared.dylib
0x00007ffa31e17000 	/System/Library/Frameworks/OpenGL.framework/Versions/A/Libraries/libGL.dylib
0x00007ffa31c26000 	/System/Library/Frameworks/OpenGL.framework/Versions/A/Libraries/libGLImage.dylib
0x00007ffa31c1a000 	/System/Library/Frameworks/OpenGL.framework/Versions/A/Libraries/libCVMSPluginSupport.dylib
0x00007ffd16c59000 	/usr/lib/libRosetta.dylib
0x00007ffa31c05000 	/System/Library/Frameworks/OpenGL.framework/Versions/A/Libraries/libCoreVMClient.dylib
0x00007ff81eda7000 	/System/Library/Frameworks/MetalPerformanceShaders.framework/Versions/A/Frameworks/MPSCore.framework/Versions/A/MPSCore
0x00007ff820883000 	/System/Library/Frameworks/MetalPerformanceShaders.framework/Versions/A/Frameworks/MPSImage.framework/Versions/A/MPSImage
0x00007ff82016f000 	/System/Library/Frameworks/MetalPerformanceShaders.framework/Versions/A/Frameworks/MPSNeuralNetwork.framework/Versions/A/MPSNeuralNetwork
0x00007ff8206c8000 	/System/Library/Frameworks/MetalPerformanceShaders.framework/Versions/A/Frameworks/MPSMatrix.framework/Versions/A/MPSMatrix
0x00007ff82047f000 	/System/Library/Frameworks/MetalPerformanceShaders.framework/Versions/A/Frameworks/MPSRayIntersector.framework/Versions/A/MPSRayIntersector
0x00007ff820707000 	/System/Library/Frameworks/MetalPerformanceShaders.framework/Versions/A/Frameworks/MPSNDArray.framework/Versions/A/MPSNDArray
0x00007ffb166ee000 	/System/Library/Frameworks/MetalPerformanceShaders.framework/Versions/A/Frameworks/MPSFunctions.framework/Versions/A/MPSFunctions
0x00007ffb166d1000 	/System/Library/Frameworks/MetalPerformanceShaders.framework/Versions/A/Frameworks/MPSBenchmarkLoop.framework/Versions/A/MPSBenchmarkLoop
0x00007ff812ee3000 	/System/Library/PrivateFrameworks/MetalTools.framework/Versions/A/MetalTools
0x00007ff9214a6000 	/System/Library/PrivateFrameworks/IOAccelMemoryInfo.framework/Versions/A/IOAccelMemoryInfo
0x00007ff92df16000 	/System/Library/PrivateFrameworks/kperf.framework/Versions/A/kperf
0x00007ff91c61b000 	/System/Library/PrivateFrameworks/GPURawCounter.framework/Versions/A/GPURawCounter
0x00007ff82ae39000 	/System/Library/PrivateFrameworks/CoreSymbolication.framework/Versions/A/CoreSymbolication
0x00007ff91c5bb000 	/System/Library/PrivateFrameworks/MallocStackLogging.framework/Versions/A/MallocStackLogging
0x00007ff82284c000 	/System/Library/PrivateFrameworks/CrashReporterSupport.framework/Versions/A/CrashReporterSupport
0x00007ff82adfa000 	/System/Library/PrivateFrameworks/DebugSymbols.framework/Versions/A/DebugSymbols
0x00007ff92d193000 	/System/Library/PrivateFrameworks/OSAnalytics.framework/Versions/A/OSAnalytics
0x00007ff82383a000 	/System/Library/Frameworks/ApplicationServices.framework/Versions/A/Frameworks/ATSUI.framework/Versions/A/ATSUI
0x00007ff825007000 	/usr/lib/libcups.2.dylib
0x00007ff8250a4000 	/System/Library/Frameworks/Kerberos.framework/Versions/A/Kerberos
0x00007ff824d16000 	/usr/lib/libresolv.9.dylib
0x00007ff820e1a000 	/usr/lib/libiconv.2.dylib
0x00007ff822cf6000 	/System/Library/PrivateFrameworks/Heimdal.framework/Versions/A/Heimdal
0x00007ff82d0a7000 	/System/Library/Frameworks/Kerberos.framework/Versions/A/Libraries/libHeimdalProxy.dylib
0x00007ff822ad0000 	/usr/lib/libheimdal-asn1.dylib
0x00007ff81c1a4000 	/System/Library/Frameworks/OpenDirectory.framework/Versions/A/OpenDirectory
0x00007ff825101000 	/System/Library/PrivateFrameworks/CommonAuth.framework/Versions/A/CommonAuth
0x00007ff81c1b0000 	/System/Library/Frameworks/OpenDirectory.framework/Versions/A/Frameworks/CFOpenDirectory.framework/Versions/A/CFOpenDirectory
0x00007ff820d72000 	/usr/lib/libcharset.1.dylib
0x00007ffb13378000 	/System/Library/Frameworks/AVFAudio.framework/Versions/A/AVFAudio
0x00007ff916987000 	/System/Library/PrivateFrameworks/AXCoreUtilities.framework/Versions/A/AXCoreUtilities
0x00007ff824a68000 	/System/Library/Frameworks/AudioToolbox.framework/Versions/A/AudioToolbox
0x00007ff814df7000 	/System/Library/Frameworks/CoreAudio.framework/Versions/A/CoreAudio
0x00007ffc13f84000 	/System/Library/PrivateFrameworks/IsolatedCoreAudioClient.framework/Versions/A/IsolatedCoreAudioClient
0x00007ff824c5b000 	/usr/lib/libAudioStatistics.dylib
0x00007ff81ded5000 	/System/Library/PrivateFrameworks/caulk.framework/Versions/A/caulk
0x00007ff81482a000 	/System/Library/PrivateFrameworks/AudioToolboxCore.framework/Versions/A/AudioToolboxCore
0x00007ff82f499000 	/System/Library/Frameworks/CoreMIDI.framework/Versions/A/CoreMIDI
0x00007ff824c02000 	/System/Library/PrivateFrameworks/AudioSession.framework/Versions/A/AudioSession
0x00007ff826562000 	/System/Library/Frameworks/IOBluetooth.framework/Versions/A/IOBluetooth
0x00007ff822bba000 	/System/Library/PrivateFrameworks/MediaExperience.framework/Versions/A/MediaExperience
0x00007ffc29685000 	/System/Library/PrivateFrameworks/Tightbeam.framework/Versions/A/Tightbeam
0x00007ffa1274b000 	/System/Library/PrivateFrameworks/AFKUser.framework/Versions/A/AFKUser
0x00007ff822cd8000 	/System/Library/PrivateFrameworks/AppServerSupport.framework/Versions/A/AppServerSupport
0x00007ff825087000 	/System/Library/PrivateFrameworks/perfdata.framework/Versions/A/perfdata
0x00007ff91b877000 	/System/Library/PrivateFrameworks/SystemPolicy.framework/Versions/A/SystemPolicy
0x00007ff824f27000 	/usr/lib/libSMC.dylib
0x00007ff823714000 	/usr/lib/libAudioToolboxUtility.dylib
0x00007ff825095000 	/usr/lib/libperfcheck.dylib
0x00007ffb1f520000 	/System/Library/PrivateFrameworks/AudioAnalytics.framework/Versions/A/AudioAnalytics
0x00007ffa258fe000 	/System/Library/PrivateFrameworks/FeatureFlags.framework/Versions/A/FeatureFlags
0x00007ffa1ebe9000 	/System/Library/Frameworks/OSLog.framework/Versions/A/OSLog
0x00007ff820934000 	/usr/lib/libbz2.1.0.dylib
0x00007ff91c5ea000 	/usr/lib/libmis.dylib
0x00007ff824a28000 	/System/Library/PrivateFrameworks/AudioSession.framework/libSessionUtility.dylib
0x00007ff82386f000 	/System/Library/PrivateFrameworks/CMCaptureCore.framework/Versions/A/CMCaptureCore
0x00007ff822cef000 	/usr/lib/libspindump.dylib
0x00007ffb1486b000 	/System/Library/Frameworks/ExtensionFoundation.framework/Versions/A/ExtensionFoundation
0x00007ff82af49000 	/System/Library/PrivateFrameworks/CoreTime.framework/Versions/A/CoreTime
0x00007ff8229a6000 	/System/Library/PrivateFrameworks/PlugInKit.framework/Versions/A/PlugInKit
0x00007ff829860000 	/System/Library/PrivateFrameworks/PowerLog.framework/Versions/A/PowerLog
0x00007ff829770000 	/System/Library/Frameworks/CoreBluetooth.framework/Versions/A/CoreBluetooth
0x00007ff82d0a8000 	/System/Library/Frameworks/AudioUnit.framework/Versions/A/AudioUnit
0x00007ff81fe74000 	/System/Library/PrivateFrameworks/CoreUtils.framework/Versions/A/CoreUtils
0x00007ffb25d99000 	/System/Library/PrivateFrameworks/CoreUtilsExtras.framework/Versions/A/CoreUtilsExtras
0x00007ff828c19000 	/System/Library/Frameworks/MediaAccessibility.framework/Versions/A/MediaAccessibility
0x00007ff924706000 	/System/Library/PrivateFrameworks/AttributeGraph.framework/Versions/A/AttributeGraph
0x00007ffd16966000 	/usr/lib/libAXSafeCategoryBundle.dylib
0x00007ff916a2c000 	/usr/lib/libAccessibility.dylib
0x00007ff81fbc0000 	/System/Library/Frameworks/Accelerate.framework/Versions/A/Frameworks/vecLib.framework/Versions/A/libvDSP.dylib
0x00007ff82105a000 	/System/Library/Frameworks/Accelerate.framework/Versions/A/Frameworks/vecLib.framework/Versions/A/libLAPACK.dylib
0x00007ff820159000 	/System/Library/Frameworks/Accelerate.framework/Versions/A/Frameworks/vecLib.framework/Versions/A/libLinearAlgebra.dylib
0x00007ff820f5c000 	/System/Library/Frameworks/Accelerate.framework/Versions/A/Frameworks/vecLib.framework/Versions/A/libSparseBLAS.dylib
0x00007ff821054000 	/System/Library/Frameworks/Accelerate.framework/Versions/A/Frameworks/vecLib.framework/Versions/A/libQuadrature.dylib
0x00007ff81ef8a000 	/System/Library/Frameworks/Accelerate.framework/Versions/A/Frameworks/vecLib.framework/Versions/A/libBNNS.dylib
0x00007ff813332000 	/System/Library/Frameworks/Accelerate.framework/Versions/A/Frameworks/vecLib.framework/Versions/A/libSparse.dylib
0x00007ffc15174000 	/System/Library/PrivateFrameworks/MIL.framework/Versions/A/MIL
0x00007ff8237f9000 	/System/Library/PrivateFrameworks/GPUWrangler.framework/Versions/A/GPUWrangler
0x00007ff8237dd000 	/System/Library/PrivateFrameworks/IOPresentment.framework/Versions/A/IOPresentment
0x00007ff823803000 	/System/Library/PrivateFrameworks/DSExternalDisplay.framework/Versions/A/DSExternalDisplay
0x00007ffa1f004000 	/System/Library/PrivateFrameworks/HIDDisplay.framework/Versions/A/HIDDisplay
0x00007ff915766000 	/System/Library/PrivateFrameworks/HID.framework/Versions/A/HID
0x00007ffc2cc0e000 	/System/Library/PrivateFrameworks/VideoToolboxParavirtualizationSupport.framework/Versions/A/VideoToolboxParavirtualizationSupport
0x00007ff822a67000 	/System/Library/PrivateFrameworks/AppleVA.framework/Versions/A/AppleVA
0x00007ff82aa88000 	/System/Library/PrivateFrameworks/GraphicsServices.framework/Versions/A/GraphicsServices
0x00007ff819577000 	/System/Library/Frameworks/CoreData.framework/Versions/A/CoreData
0x00007ff82526d000 	/System/Library/PrivateFrameworks/CorePhoneNumbers.framework/Versions/A/CorePhoneNumbers
0x00007ff829940000 	/System/Library/PrivateFrameworks/MediaKit.framework/Versions/A/MediaKit
0x00007ff82989a000 	/System/Library/Frameworks/DiscRecording.framework/Versions/A/DiscRecording
0x00007ffb14297000 	/System/Library/Frameworks/CoreTransferable.framework/Versions/A/CoreTransferable
0x00007ff82506a000 	/System/Library/PrivateFrameworks/NetAuth.framework/Versions/A/NetAuth
0x00007ff822b25000 	/System/Library/PrivateFrameworks/IconServices.framework/Versions/A/IconServices
0x00007ff81c381000 	/System/Library/PrivateFrameworks/login.framework/Versions/A/Frameworks/loginsupport.framework/Versions/A/loginsupport
0x00007ff91c68c000 	/usr/lib/swift/libswiftCoreImage.dylib
0x00007ff822ad9000 	/System/Library/PrivateFrameworks/IconFoundation.framework/Versions/A/IconFoundation
0x00007ff81bf16000 	/System/Library/PrivateFrameworks/CoreUI.framework/Versions/A/CoreUI
0x00007ff8238f2000 	/System/Library/PrivateFrameworks/TextureIO.framework/Versions/A/TextureIO
0x00007ff81e5c0000 	/System/Library/PrivateFrameworks/CoreSVG.framework/Versions/A/CoreSVG
0x00007ff9320c6000 	/usr/lib/swift/libswiftAccelerate.dylib
0x00007ff822843000 	/usr/lib/libIOReport.dylib
0x00007ffb1f161000 	/System/Library/PrivateFrameworks/AppleMobileFileIntegrity.framework/Versions/A/AppleMobileFileIntegrity
0x00007ffd16c9e000 	/usr/lib/libTLE.dylib
0x00007ffa2d443000 	/System/Library/PrivateFrameworks/ConfigProfileHelper.framework/Versions/A/ConfigProfileHelper
0x00007ff8200fa000 	/usr/lib/libmecab.dylib
0x00007ff81342f000 	/usr/lib/libCRFSuite.dylib
0x00007ff81ee75000 	/System/Library/PrivateFrameworks/CoreNLP.framework/Versions/A/CoreNLP
0x00007ff820156000 	/usr/lib/libgermantok.dylib
0x00007ff820f17000 	/usr/lib/libThaiTokenizer.dylib
0x00007ff8239c6000 	/System/Library/PrivateFrameworks/DataDetectorsCore.framework/Versions/A/DataDetectorsCore
0x00007ff81754c000 	/System/Library/PrivateFrameworks/UIFoundation.framework/Versions/A/UIFoundation
0x00007ff8200c8000 	/usr/lib/libCheckFix.dylib
0x00007ff81af09000 	/System/Library/PrivateFrameworks/MetadataUtilities.framework/Versions/A/MetadataUtilities
0x00007ffb313ff000 	/System/Library/PrivateFrameworks/InstalledContentLibrary.framework/Versions/A/InstalledContentLibrary
0x00007ff815ee4000 	/System/Library/PrivateFrameworks/CoreServicesStore.framework/Versions/A/CoreServicesStore
0x00007ff81c202000 	/usr/lib/libapp_launch_measurement.dylib
0x00007ff92e019000 	/System/Library/PrivateFrameworks/MobileSystemServices.framework/Versions/A/MobileSystemServices
0x00007ff82254b000 	/usr/lib/libxslt.1.dylib
0x00007ff82008e000 	/System/Library/PrivateFrameworks/BackgroundTaskManagement.framework/Versions/A/BackgroundTaskManagement
0x00007ff82c945000 	/usr/lib/libcurl.4.dylib
0x00007ffd17032000 	/usr/lib/libcrypto.46.dylib
0x00007ffd175a3000 	/usr/lib/libssl.48.dylib
0x00007ff82c629000 	/System/Library/Frameworks/LDAP.framework/Versions/A/LDAP
0x00007ff82c664000 	/System/Library/PrivateFrameworks/TrustEvaluationAgent.framework/Versions/A/TrustEvaluationAgent
0x00007ff824d2f000 	/usr/lib/libsasl2.2.dylib
0x00007ff82f68b000 	/System/Library/Frameworks/Cocoa.framework/Versions/A/Cocoa
0x00007ff816055000 	/System/Library/Frameworks/AppKit.framework/Versions/C/AppKit
0x00007ffb22262000 	/System/Library/PrivateFrameworks/CollectionViewCore.framework/Versions/A/CollectionViewCore
0x00007ff8284eb000 	/System/Library/PrivateFrameworks/RemoteViewServices.framework/Versions/A/RemoteViewServices
0x00007ff81e5bb000 	/System/Library/PrivateFrameworks/XCTTargetBootstrap.framework/Versions/A/XCTTargetBootstrap
0x00007ff823a0d000 	/System/Library/PrivateFrameworks/UserActivity.framework/Versions/A/UserActivity
0x00007ffc2b23d000 	/System/Library/PrivateFrameworks/UIIntelligenceSupport.framework/Versions/A/UIIntelligenceSupport
0x00007ffb19430000 	/System/Library/Frameworks/SwiftUICore.framework/Versions/A/SwiftUICore
0x00007ffc2fc8b000 	/System/Library/PrivateFrameworks/WritingTools.framework/Versions/A/WritingTools
0x00007ffc2edf0000 	/System/Library/PrivateFrameworks/WindowManagement.framework/Versions/A/WindowManagement
0x00007ff81e5a8000 	/System/Library/PrivateFrameworks/DFRFoundation.framework/Versions/A/DFRFoundation
0x00007ff920044000 	/System/Library/PrivateFrameworks/TextInput.framework/Versions/A/TextInput
0x00007ff81e2cb000 	/System/Library/Frameworks/Carbon.framework/Versions/A/Frameworks/HIToolbox.framework/Versions/A/HIToolbox
0x00007ff828522000 	/System/Library/Frameworks/Carbon.framework/Versions/A/Frameworks/SpeechRecognition.framework/Versions/A/SpeechRecognition
0x00007ff914ae7000 	/System/Library/PrivateFrameworks/RenderBox.framework/Versions/A/RenderBox
0x00007ff81c199000 	/System/Library/PrivateFrameworks/PerformanceAnalysis.framework/Versions/A/PerformanceAnalysis
0x00007ff82889f000 	/System/Library/Frameworks/Accessibility.framework/Versions/A/Accessibility
0x00007ffb1474a000 	/System/Library/Frameworks/DeveloperToolsSupport.framework/Versions/A/DeveloperToolsSupport
0x00007ffb19f97000 	/System/Library/Frameworks/Symbols.framework/Versions/A/Symbols
0x00007ff919ff5000 	/usr/lib/swift/libswiftCoreGraphics.dylib
0x00007ff82922a000 	/usr/lib/swift/libswiftFoundation.dylib
0x00007ffa2cefb000 	/usr/lib/swift/libswiftSwiftOnoneSupport.dylib
0x00007ffa1b293000 	/System/Library/PrivateFrameworks/CoreMaterial.framework/Versions/A/CoreMaterial
0x00007ffc1ed60000 	/System/Library/PrivateFrameworks/SFSymbols.framework/Versions/A/SFSymbols
0x00007ff828512000 	/System/Library/PrivateFrameworks/SpeechRecognitionCore.framework/Versions/A/SpeechRecognitionCore
0x000000010e45b000 	/Users/nikola/.p2/pool/plugins/org.eclipse.justj.openjdk.hotspot.jre.full.macosx.x86_64_17.0.7.v20230425-1502/jre/lib/server/libjvm.dylib
0x000000010d345000 	/Users/nikola/.p2/pool/plugins/org.eclipse.justj.openjdk.hotspot.jre.full.macosx.x86_64_17.0.7.v20230425-1502/jre/lib/libjimage.dylib
0x000000010d3e3000 	/Users/nikola/.p2/pool/plugins/org.eclipse.justj.openjdk.hotspot.jre.full.macosx.x86_64_17.0.7.v20230425-1502/jre/lib/libjava.dylib
0x000000010d6c4000 	/Users/nikola/.p2/pool/plugins/org.eclipse.justj.openjdk.hotspot.jre.full.macosx.x86_64_17.0.7.v20230425-1502/jre/lib/libzip.dylib
0x000000010d811000 	/Users/nikola/.p2/pool/plugins/org.eclipse.justj.openjdk.hotspot.jre.full.macosx.x86_64_17.0.7.v20230425-1502/jre/lib/libnio.dylib
0x000000010d85d000 	/Users/nikola/.p2/pool/plugins/org.eclipse.justj.openjdk.hotspot.jre.full.macosx.x86_64_17.0.7.v20230425-1502/jre/lib/libnet.dylib
0x000000010db3b000 	/Users/nikola/.p2/pool/plugins/org.eclipse.justj.openjdk.hotspot.jre.full.macosx.x86_64_17.0.7.v20230425-1502/jre/lib/libmanagement.dylib
0x000000010db5a000 	/Users/nikola/.p2/pool/plugins/org.eclipse.justj.openjdk.hotspot.jre.full.macosx.x86_64_17.0.7.v20230425-1502/jre/lib/libmanagement_ext.dylib
0x000000014b8d2000 	/Users/nikola/.p2/pool/plugins/org.eclipse.justj.openjdk.hotspot.jre.full.macosx.x86_64_17.0.7.v20230425-1502/jre/lib/libverify.dylib
0x000000015223b000 	/Users/nikola/.p2/pool/plugins/org.eclipse.justj.openjdk.hotspot.jre.full.macosx.x86_64_17.0.7.v20230425-1502/jre/lib/libextnet.dylib


VM Arguments:
jvm_args: -Dfile.encoding=UTF-8 -Dstdout.encoding=UTF-8 -Dstderr.encoding=UTF-8 -XX:+ShowCodeDetailsInExceptionMessages 
java_command: menzg.MenzgBackendApplication
java_class_path (initial): /Users/nikola/Documents/BIG_DATA_FER/progi_app_git/menZg/IzvorniKod/backend/target/classes:/Users/nikola/.m2/repository/org/springframework/boot/spring-boot-starter-actuator/3.3.5/spring-boot-starter-actuator-3.3.5.jar:/Users/nikola/.m2/repository/org/springframework/boot/spring-boot-starter/3.3.5/spring-boot-starter-3.3.5.jar:/Users/nikola/.m2/repository/org/springframework/boot/spring-boot-starter-logging/3.3.5/spring-boot-starter-logging-3.3.5.jar:/Users/nikola/.m2/repository/ch/qos/logback/logback-classic/1.5.11/logback-classic-1.5.11.jar:/Users/nikola/.m2/repository/ch/qos/logback/logback-core/1.5.11/logback-core-1.5.11.jar:/Users/nikola/.m2/repository/org/apache/logging/log4j/log4j-to-slf4j/2.23.1/log4j-to-slf4j-2.23.1.jar:/Users/nikola/.m2/repository/org/apache/logging/log4j/log4j-api/2.23.1/log4j-api-2.23.1.jar:/Users/nikola/.m2/repository/org/slf4j/jul-to-slf4j/2.0.16/jul-to-slf4j-2.0.16.jar:/Users/nikola/.m2/repository/org/yaml/snakeyaml/2.2/snakeyaml-2.2.jar:/Users/nikola/.m2/repository/org/springframework/boot/spring-boot-actuator-autoconfigure/3.3.5/spring-boot-actuator-autoconfigure-3.3.5.jar:/Users/nikola/.m2/repository/org/springframework/boot/spring-boot-actuator/3.3.5/spring-boot-actuator-3.3.5.jar:/Users/nikola/.m2/repository/com/fasterxml/jackson/core/jackson-databind/2.17.2/jackson-databind-2.17.2.jar:/Users/nikola/.m2/repository/com/fasterxml/jackson/core/jackson-annotations/2.17.2/jackson-annotations-2.17.2.jar:/Users/nikola/.m2/repository/com/fasterxml/jackson/core/jackson-core/2.17.2/jackson-core-2.17.2.jar:/Users/nikola/.m2/repository/com/fasterxml/jackson/datatype/jackson-datatype-jsr310/2.17.2/jackson-datatype-jsr310-2.17.2.jar:/Users/nikola/.m2/repository/io/micrometer/micrometer-observation/1.13.6/micrometer-observation-1.13.6.jar:/Users/nikola/.m2/repository/io/micrometer/micrometer-commons/1.13.6/micrometer-commons-1.13.6.jar:/Users/nikola/.m2/repository/io/micrometer/micrometer-jakarta9/1.13.6/micrometer-
Launcher Type: SUN_STANDARD

[Global flags]
     intx CICompilerCount                          = 4                                         {product} {ergonomic}
     uint ConcGCThreads                            = 2                                         {product} {ergonomic}
     uint G1ConcRefinementThreads                  = 9                                         {product} {ergonomic}
   size_t G1HeapRegionSize                         = 8388608                                   {product} {ergonomic}
    uintx GCDrainStackTargetSize                   = 64                                        {product} {ergonomic}
   size_t InitialHeapSize                          = 1073741824                                {product} {ergonomic}
   size_t MarkStackSize                            = 4194304                                   {product} {ergonomic}
   size_t MaxHeapSize                              = 17179869184                               {product} {ergonomic}
   size_t MaxNewSize                               = 10301210624                               {product} {ergonomic}
   size_t MinHeapDeltaBytes                        = 8388608                                   {product} {ergonomic}
   size_t MinHeapSize                              = 8388608                                   {product} {ergonomic}
    uintx NonNMethodCodeHeapSize                   = 5839372                                {pd product} {ergonomic}
    uintx NonProfiledCodeHeapSize                  = 122909434                              {pd product} {ergonomic}
    uintx ProfiledCodeHeapSize                     = 122909434                              {pd product} {ergonomic}
    uintx ReservedCodeCacheSize                    = 251658240                              {pd product} {ergonomic}
     bool SegmentedCodeCache                       = true                                      {product} {ergonomic}
     bool ShowCodeDetailsInExceptionMessages       = true                                   {manageable} {command line}
   size_t SoftMaxHeapSize                          = 17179869184                            {manageable} {ergonomic}
     bool UseCompressedClassPointers               = true                           {product lp64_product} {ergonomic}
     bool UseCompressedOops                        = true                           {product lp64_product} {ergonomic}
     bool UseG1GC                                  = true                                      {product} {ergonomic}
     bool UseNUMA                                  = false                                     {product} {ergonomic}
     bool UseNUMAInterleaving                      = false                                     {product} {ergonomic}

Logging:
Log output configuration:
 #0: stdout all=warning uptime,level,tags
 #1: stderr all=off uptime,level,tags

Environment Variables:
PATH=/usr/bin:/bin:/usr/sbin:/sbin
SHELL=/bin/zsh
TMPDIR=/var/folders/_r/z_lp1hmn7pzgmfhkdhlrq_3m0000gn/T/

Active Locale:
LC_ALL=C
LC_COLLATE=C
LC_CTYPE=C
LC_MESSAGES=C
LC_MONETARY=C
LC_NUMERIC=C
LC_TIME=C

Signal Handlers:
   SIGSEGV: crash_handler in libjvm.dylib, mask=11100110100111111111111111111111, flags=SA_RESTART|SA_SIGINFO, unblocked
    SIGBUS: crash_handler in libjvm.dylib, mask=11100110100111111111111111111111, flags=SA_RESTART|SA_SIGINFO, unblocked
    SIGFPE: crash_handler in libjvm.dylib, mask=11100110100111111111111111111111, flags=SA_RESTART|SA_SIGINFO, unblocked
   SIGPIPE: javaSignalHandler in libjvm.dylib, mask=11100110100111111111111111111111, flags=SA_RESTART|SA_SIGINFO, blocked
   SIGXFSZ: javaSignalHandler in libjvm.dylib, mask=11100110100111111111111111111111, flags=SA_RESTART|SA_SIGINFO, blocked
    SIGILL: crash_handler in libjvm.dylib, mask=11100110100111111111111111111111, flags=SA_RESTART|SA_SIGINFO, unblocked
   SIGUSR2: SR_handler in libjvm.dylib, mask=00000000000000000000000000000000, flags=SA_RESTART|SA_SIGINFO, blocked
    SIGHUP: UserHandler in libjvm.dylib, mask=11100110100111111111111111111111, flags=SA_RESTART|SA_SIGINFO, blocked
    SIGINT: UserHandler in libjvm.dylib, mask=11100110100111111111111111111111, flags=SA_RESTART|SA_SIGINFO, blocked
   SIGTERM: UserHandler in libjvm.dylib, mask=11100110100111111111111111111111, flags=SA_RESTART|SA_SIGINFO, blocked
   SIGQUIT: UserHandler in libjvm.dylib, mask=11100110100111111111111111111111, flags=SA_RESTART|SA_SIGINFO, blocked
   SIGTRAP: crash_handler in libjvm.dylib, mask=11100110100111111111111111111111, flags=SA_RESTART|SA_SIGINFO, unblocked


---------------  S Y S T E M  ---------------

OS:
uname: Darwin 24.2.0 Darwin Kernel Version 24.2.0: Fri Dec  6 19:01:59 PST 2024; root:xnu-11215.61.5~2/RELEASE_ARM64_T6000 x86_64
OS uptime: 1 days 6:46 hours
rlimit (soft/hard): STACK 8176k/65520k , CORE 0k/infinity , NPROC 10666/16000 , NOFILE 10240/infinity , AS infinity/infinity , CPU infinity/infinity , DATA infinity/infinity , FSIZE infinity/infinity , MEMLOCK infinity/infinity , RSS infinity/infinity
load average: 9.24 6.42 5.07

CPU: (EMULATED) total 10 (initial active 10) (1 cores per cpu, 1 threads per core) family 6 model 44 stepping 0 microcode 0x0, cx8, cmov, fxsr, mmx, sse, sse2, sse3, ssse3, sse4.1, sse4.2, popcnt, tsc, tscinvbit, aes, clmul, clflush

Memory: 4k page, physical 67108864k(614340k free), swap 0k(0k free)

vm_info: OpenJDK 64-Bit Server VM (17.0.7+7) for bsd-amd64 JRE (17.0.7+7), built on Apr 18 2023 21:54:37 by "temurin" with clang 4.2.1 Compatible Apple LLVM 10.0.1 (clang-1001.0.46.4)

END.
